

================================================================
== Vitis HLS Report for 'IMAGE_DIFF_POSTERIZE'
================================================================
* Date:           Fri Dec  5 01:05:31 2025

* Version:        2024.2 (Build 5238294 on Nov  8 2024)
* Project:        IMAGE_DIFF_POSTERIZE
* Solution:       hls (Vivado IP Flow Target)
* Product family: virtexuplus
* Target device:  xcu200-fsgd2104-2-e


================================================================
== Performance Estimates
================================================================
+ Timing: 
    * Summary: 
    +--------+----------+----------+------------+
    |  Clock |  Target  | Estimated| Uncertainty|
    +--------+----------+----------+------------+
    |ap_clk  |  10.00 ns|  5.721 ns|     2.70 ns|
    +--------+----------+----------+------------+

+ Latency: 
    * Summary: 
    +---------+---------+----------+----------+-------+-------+---------+
    |  Latency (cycles) |  Latency (absolute) |    Interval   | Pipeline|
    |   min   |   max   |    min   |    max   |  min  |  max  |   Type  |
    +---------+---------+----------+----------+-------+-------+---------+
    |    67597|    67597|  0.676 ms|  0.676 ms|  67598|  67598|       no|
    +---------+---------+----------+----------+-------+-------+---------+

    + Detail: 
        * Instance: 
        +---------------------------------------------------------------------------+----------------------------------------------------------------+---------+---------+-----------+-----------+-------+-------+------------------------------------------------+
        |                                                                           |                                                                |  Latency (cycles) |   Latency (absolute)  |    Interval   |                    Pipeline                    |
        |                                  Instance                                 |                             Module                             |   min   |   max   |    min    |    max    |  min  |  max  |                      Type                      |
        +---------------------------------------------------------------------------+----------------------------------------------------------------+---------+---------+-----------+-----------+-------+-------+------------------------------------------------+
        |grp_IMAGE_DIFF_POSTERIZE_Pipeline_VITIS_LOOP_50_1_load_col_loop_fu_224     |IMAGE_DIFF_POSTERIZE_Pipeline_VITIS_LOOP_50_1_load_col_loop     |     1026|     1026|  10.260 us|  10.260 us|   1025|   1025|  loop auto-rewind stp (delay=0 clock cycles(s))|
        |grp_IMAGE_DIFF_POSTERIZE_Pipeline_VITIS_LOOP_75_2_compute_col_loop_fu_360  |IMAGE_DIFF_POSTERIZE_Pipeline_VITIS_LOOP_75_2_compute_col_loop  |    65538|    65538|   0.655 ms|   0.655 ms|  65537|  65537|  loop auto-rewind stp (delay=0 clock cycles(s))|
        |grp_IMAGE_DIFF_POSTERIZE_Pipeline_VITIS_LOOP_92_3_store_col_loop_fu_556    |IMAGE_DIFF_POSTERIZE_Pipeline_VITIS_LOOP_92_3_store_col_loop    |     1026|     1026|  10.260 us|  10.260 us|   1025|   1025|  loop auto-rewind stp (delay=0 clock cycles(s))|
        +---------------------------------------------------------------------------+----------------------------------------------------------------+---------+---------+-----------+-----------+-------+-------+------------------------------------------------+

        * Loop: 
        N/A



================================================================
== Utilization Estimates
================================================================
* Summary: 
+---------------------+---------+------+---------+---------+-----+
|         Name        | BRAM_18K|  DSP |    FF   |   LUT   | URAM|
+---------------------+---------+------+---------+---------+-----+
|DSP                  |        -|     -|        -|        -|    -|
|Expression           |        -|     -|        0|        2|    -|
|FIFO                 |        -|     -|        -|        -|    -|
|Instance             |        -|     -|      107|      886|    -|
|Memory               |       96|     -|        0|        0|    0|
|Multiplexer          |        -|     -|        0|     5068|    -|
|Register             |        -|     -|      523|        -|    -|
+---------------------+---------+------+---------+---------+-----+
|Total                |       96|     0|      630|     5956|    0|
+---------------------+---------+------+---------+---------+-----+
|Available SLR        |     1440|  2280|   788160|   394080|  320|
+---------------------+---------+------+---------+---------+-----+
|Utilization SLR (%)  |        6|     0|       ~0|        1|    0|
+---------------------+---------+------+---------+---------+-----+
|Available            |     4320|  6840|  2364480|  1182240|  960|
+---------------------+---------+------+---------+---------+-----+
|Utilization (%)      |        2|     0|       ~0|       ~0|    0|
+---------------------+---------+------+---------+---------+-----+

+ Detail: 
    * Instance: 
    +---------------------------------------------------------------------------+----------------------------------------------------------------+---------+----+----+-----+-----+
    |                                  Instance                                 |                             Module                             | BRAM_18K| DSP| FF | LUT | URAM|
    +---------------------------------------------------------------------------+----------------------------------------------------------------+---------+----+----+-----+-----+
    |grp_IMAGE_DIFF_POSTERIZE_Pipeline_VITIS_LOOP_50_1_load_col_loop_fu_224     |IMAGE_DIFF_POSTERIZE_Pipeline_VITIS_LOOP_50_1_load_col_loop     |        0|   0|  26|  165|    0|
    |grp_IMAGE_DIFF_POSTERIZE_Pipeline_VITIS_LOOP_75_2_compute_col_loop_fu_360  |IMAGE_DIFF_POSTERIZE_Pipeline_VITIS_LOOP_75_2_compute_col_loop  |        0|   0|  55|  549|    0|
    |grp_IMAGE_DIFF_POSTERIZE_Pipeline_VITIS_LOOP_92_3_store_col_loop_fu_556    |IMAGE_DIFF_POSTERIZE_Pipeline_VITIS_LOOP_92_3_store_col_loop    |        0|   0|  26|  172|    0|
    +---------------------------------------------------------------------------+----------------------------------------------------------------+---------+----+----+-----+-----+
    |Total                                                                      |                                                                |        0|   0| 107|  886|    0|
    +---------------------------------------------------------------------------+----------------------------------------------------------------+---------+----+----+-----+-----+

    * DSP: 
    N/A

    * Memory: 
    +----------------------------------------------------------------------------------+-------------------------------------------------------------------------------+---------+---+----+-----+------+-----+------+-------------+
    |                                      Memory                                      |                                     Module                                    | BRAM_18K| FF| LUT| URAM| Words| Bits| Banks| W*Bits*Banks|
    +----------------------------------------------------------------------------------+-------------------------------------------------------------------------------+---------+---+----+-----+------+-----+------+-------------+
    |IMAGE_DIFF_POSTERIZE_stream_stream_stream_ap_uint_512_0_buf_A_9_U                 |IMAGE_DIFF_POSTERIZE_stream_stream_stream_ap_uint_512_0_buf_A_9_RAM_AUTO_1R1W  |        1|  0|   0|    0|  2048|    8|     1|        16384|
    |IMAGE_DIFF_POSTERIZE_stream_stream_stream_ap_uint_512_0_buf_A_8_U                 |IMAGE_DIFF_POSTERIZE_stream_stream_stream_ap_uint_512_0_buf_A_9_RAM_AUTO_1R1W  |        1|  0|   0|    0|  2048|    8|     1|        16384|
    |IMAGE_DIFF_POSTERIZE_stream_stream_stream_ap_uint_512_0_buf_A_7_U                 |IMAGE_DIFF_POSTERIZE_stream_stream_stream_ap_uint_512_0_buf_A_9_RAM_AUTO_1R1W  |        1|  0|   0|    0|  2048|    8|     1|        16384|
    |IMAGE_DIFF_POSTERIZE_stream_stream_stream_ap_uint_512_0_buf_A_6_U                 |IMAGE_DIFF_POSTERIZE_stream_stream_stream_ap_uint_512_0_buf_A_9_RAM_AUTO_1R1W  |        1|  0|   0|    0|  2048|    8|     1|        16384|
    |IMAGE_DIFF_POSTERIZE_stream_stream_stream_ap_uint_512_0_buf_A_5_U                 |IMAGE_DIFF_POSTERIZE_stream_stream_stream_ap_uint_512_0_buf_A_9_RAM_AUTO_1R1W  |        1|  0|   0|    0|  2048|    8|     1|        16384|
    |IMAGE_DIFF_POSTERIZE_stream_stream_stream_ap_uint_512_0_buf_A_4_U                 |IMAGE_DIFF_POSTERIZE_stream_stream_stream_ap_uint_512_0_buf_A_9_RAM_AUTO_1R1W  |        1|  0|   0|    0|  2048|    8|     1|        16384|
    |IMAGE_DIFF_POSTERIZE_stream_stream_stream_ap_uint_512_0_buf_A_3_U                 |IMAGE_DIFF_POSTERIZE_stream_stream_stream_ap_uint_512_0_buf_A_9_RAM_AUTO_1R1W  |        1|  0|   0|    0|  2048|    8|     1|        16384|
    |IMAGE_DIFF_POSTERIZE_stream_stream_stream_ap_uint_512_0_buf_A_2_U                 |IMAGE_DIFF_POSTERIZE_stream_stream_stream_ap_uint_512_0_buf_A_9_RAM_AUTO_1R1W  |        1|  0|   0|    0|  2048|    8|     1|        16384|
    |IMAGE_DIFF_POSTERIZE_stream_stream_stream_ap_uint_512_0_buf_A_1_U                 |IMAGE_DIFF_POSTERIZE_stream_stream_stream_ap_uint_512_0_buf_A_9_RAM_AUTO_1R1W  |        1|  0|   0|    0|  2048|    8|     1|        16384|
    |IMAGE_DIFF_POSTERIZE_stream_stream_stream_ap_uint_512_0_buf_A_U                   |IMAGE_DIFF_POSTERIZE_stream_stream_stream_ap_uint_512_0_buf_A_9_RAM_AUTO_1R1W  |        1|  0|   0|    0|  2048|    8|     1|        16384|
    |p_ZZ20IMAGE_DIFF_POSTERIZERN3hls6streamI7ap_uintILi512EELi0EEES4_S4_E5buf_A_10_U  |IMAGE_DIFF_POSTERIZE_stream_stream_stream_ap_uint_512_0_buf_A_9_RAM_AUTO_1R1W  |        1|  0|   0|    0|  2048|    8|     1|        16384|
    |p_ZZ20IMAGE_DIFF_POSTERIZERN3hls6streamI7ap_uintILi512EELi0EEES4_S4_E5buf_A_11_U  |IMAGE_DIFF_POSTERIZE_stream_stream_stream_ap_uint_512_0_buf_A_9_RAM_AUTO_1R1W  |        1|  0|   0|    0|  2048|    8|     1|        16384|
    |p_ZZ20IMAGE_DIFF_POSTERIZERN3hls6streamI7ap_uintILi512EELi0EEES4_S4_E5buf_A_12_U  |IMAGE_DIFF_POSTERIZE_stream_stream_stream_ap_uint_512_0_buf_A_9_RAM_AUTO_1R1W  |        1|  0|   0|    0|  2048|    8|     1|        16384|
    |p_ZZ20IMAGE_DIFF_POSTERIZERN3hls6streamI7ap_uintILi512EELi0EEES4_S4_E5buf_A_13_U  |IMAGE_DIFF_POSTERIZE_stream_stream_stream_ap_uint_512_0_buf_A_9_RAM_AUTO_1R1W  |        1|  0|   0|    0|  2048|    8|     1|        16384|
    |p_ZZ20IMAGE_DIFF_POSTERIZERN3hls6streamI7ap_uintILi512EELi0EEES4_S4_E5buf_A_14_U  |IMAGE_DIFF_POSTERIZE_stream_stream_stream_ap_uint_512_0_buf_A_9_RAM_AUTO_1R1W  |        1|  0|   0|    0|  2048|    8|     1|        16384|
    |p_ZZ20IMAGE_DIFF_POSTERIZERN3hls6streamI7ap_uintILi512EELi0EEES4_S4_E5buf_A_15_U  |IMAGE_DIFF_POSTERIZE_stream_stream_stream_ap_uint_512_0_buf_A_9_RAM_AUTO_1R1W  |        1|  0|   0|    0|  2048|    8|     1|        16384|
    |p_ZZ20IMAGE_DIFF_POSTERIZERN3hls6streamI7ap_uintILi512EELi0EEES4_S4_E5buf_A_16_U  |IMAGE_DIFF_POSTERIZE_stream_stream_stream_ap_uint_512_0_buf_A_9_RAM_AUTO_1R1W  |        1|  0|   0|    0|  2048|    8|     1|        16384|
    |p_ZZ20IMAGE_DIFF_POSTERIZERN3hls6streamI7ap_uintILi512EELi0EEES4_S4_E5buf_A_17_U  |IMAGE_DIFF_POSTERIZE_stream_stream_stream_ap_uint_512_0_buf_A_9_RAM_AUTO_1R1W  |        1|  0|   0|    0|  2048|    8|     1|        16384|
    |p_ZZ20IMAGE_DIFF_POSTERIZERN3hls6streamI7ap_uintILi512EELi0EEES4_S4_E5buf_A_18_U  |IMAGE_DIFF_POSTERIZE_stream_stream_stream_ap_uint_512_0_buf_A_9_RAM_AUTO_1R1W  |        1|  0|   0|    0|  2048|    8|     1|        16384|
    |p_ZZ20IMAGE_DIFF_POSTERIZERN3hls6streamI7ap_uintILi512EELi0EEES4_S4_E5buf_A_19_U  |IMAGE_DIFF_POSTERIZE_stream_stream_stream_ap_uint_512_0_buf_A_9_RAM_AUTO_1R1W  |        1|  0|   0|    0|  2048|    8|     1|        16384|
    |p_ZZ20IMAGE_DIFF_POSTERIZERN3hls6streamI7ap_uintILi512EELi0EEES4_S4_E5buf_A_20_U  |IMAGE_DIFF_POSTERIZE_stream_stream_stream_ap_uint_512_0_buf_A_9_RAM_AUTO_1R1W  |        1|  0|   0|    0|  2048|    8|     1|        16384|
    |p_ZZ20IMAGE_DIFF_POSTERIZERN3hls6streamI7ap_uintILi512EELi0EEES4_S4_E5buf_A_21_U  |IMAGE_DIFF_POSTERIZE_stream_stream_stream_ap_uint_512_0_buf_A_9_RAM_AUTO_1R1W  |        1|  0|   0|    0|  2048|    8|     1|        16384|
    |p_ZZ20IMAGE_DIFF_POSTERIZERN3hls6streamI7ap_uintILi512EELi0EEES4_S4_E5buf_A_22_U  |IMAGE_DIFF_POSTERIZE_stream_stream_stream_ap_uint_512_0_buf_A_9_RAM_AUTO_1R1W  |        1|  0|   0|    0|  2048|    8|     1|        16384|
    |p_ZZ20IMAGE_DIFF_POSTERIZERN3hls6streamI7ap_uintILi512EELi0EEES4_S4_E5buf_A_23_U  |IMAGE_DIFF_POSTERIZE_stream_stream_stream_ap_uint_512_0_buf_A_9_RAM_AUTO_1R1W  |        1|  0|   0|    0|  2048|    8|     1|        16384|
    |p_ZZ20IMAGE_DIFF_POSTERIZERN3hls6streamI7ap_uintILi512EELi0EEES4_S4_E5buf_A_24_U  |IMAGE_DIFF_POSTERIZE_stream_stream_stream_ap_uint_512_0_buf_A_9_RAM_AUTO_1R1W  |        1|  0|   0|    0|  2048|    8|     1|        16384|
    |p_ZZ20IMAGE_DIFF_POSTERIZERN3hls6streamI7ap_uintILi512EELi0EEES4_S4_E5buf_A_25_U  |IMAGE_DIFF_POSTERIZE_stream_stream_stream_ap_uint_512_0_buf_A_9_RAM_AUTO_1R1W  |        1|  0|   0|    0|  2048|    8|     1|        16384|
    |p_ZZ20IMAGE_DIFF_POSTERIZERN3hls6streamI7ap_uintILi512EELi0EEES4_S4_E5buf_A_26_U  |IMAGE_DIFF_POSTERIZE_stream_stream_stream_ap_uint_512_0_buf_A_9_RAM_AUTO_1R1W  |        1|  0|   0|    0|  2048|    8|     1|        16384|
    |p_ZZ20IMAGE_DIFF_POSTERIZERN3hls6streamI7ap_uintILi512EELi0EEES4_S4_E5buf_A_27_U  |IMAGE_DIFF_POSTERIZE_stream_stream_stream_ap_uint_512_0_buf_A_9_RAM_AUTO_1R1W  |        1|  0|   0|    0|  2048|    8|     1|        16384|
    |p_ZZ20IMAGE_DIFF_POSTERIZERN3hls6streamI7ap_uintILi512EELi0EEES4_S4_E5buf_A_28_U  |IMAGE_DIFF_POSTERIZE_stream_stream_stream_ap_uint_512_0_buf_A_9_RAM_AUTO_1R1W  |        1|  0|   0|    0|  2048|    8|     1|        16384|
    |p_ZZ20IMAGE_DIFF_POSTERIZERN3hls6streamI7ap_uintILi512EELi0EEES4_S4_E5buf_A_29_U  |IMAGE_DIFF_POSTERIZE_stream_stream_stream_ap_uint_512_0_buf_A_9_RAM_AUTO_1R1W  |        1|  0|   0|    0|  2048|    8|     1|        16384|
    |p_ZZ20IMAGE_DIFF_POSTERIZERN3hls6streamI7ap_uintILi512EELi0EEES4_S4_E5buf_A_30_U  |IMAGE_DIFF_POSTERIZE_stream_stream_stream_ap_uint_512_0_buf_A_9_RAM_AUTO_1R1W  |        1|  0|   0|    0|  2048|    8|     1|        16384|
    |p_ZZ20IMAGE_DIFF_POSTERIZERN3hls6streamI7ap_uintILi512EELi0EEES4_S4_E5buf_A_31_U  |IMAGE_DIFF_POSTERIZE_stream_stream_stream_ap_uint_512_0_buf_A_9_RAM_AUTO_1R1W  |        1|  0|   0|    0|  2048|    8|     1|        16384|
    |IMAGE_DIFF_POSTERIZE_stream_stream_stream_ap_uint_512_0_buf_B_9_U                 |IMAGE_DIFF_POSTERIZE_stream_stream_stream_ap_uint_512_0_buf_A_9_RAM_AUTO_1R1W  |        1|  0|   0|    0|  2048|    8|     1|        16384|
    |IMAGE_DIFF_POSTERIZE_stream_stream_stream_ap_uint_512_0_buf_B_8_U                 |IMAGE_DIFF_POSTERIZE_stream_stream_stream_ap_uint_512_0_buf_A_9_RAM_AUTO_1R1W  |        1|  0|   0|    0|  2048|    8|     1|        16384|
    |IMAGE_DIFF_POSTERIZE_stream_stream_stream_ap_uint_512_0_buf_B_7_U                 |IMAGE_DIFF_POSTERIZE_stream_stream_stream_ap_uint_512_0_buf_A_9_RAM_AUTO_1R1W  |        1|  0|   0|    0|  2048|    8|     1|        16384|
    |IMAGE_DIFF_POSTERIZE_stream_stream_stream_ap_uint_512_0_buf_B_6_U                 |IMAGE_DIFF_POSTERIZE_stream_stream_stream_ap_uint_512_0_buf_A_9_RAM_AUTO_1R1W  |        1|  0|   0|    0|  2048|    8|     1|        16384|
    |IMAGE_DIFF_POSTERIZE_stream_stream_stream_ap_uint_512_0_buf_B_5_U                 |IMAGE_DIFF_POSTERIZE_stream_stream_stream_ap_uint_512_0_buf_A_9_RAM_AUTO_1R1W  |        1|  0|   0|    0|  2048|    8|     1|        16384|
    |IMAGE_DIFF_POSTERIZE_stream_stream_stream_ap_uint_512_0_buf_B_4_U                 |IMAGE_DIFF_POSTERIZE_stream_stream_stream_ap_uint_512_0_buf_A_9_RAM_AUTO_1R1W  |        1|  0|   0|    0|  2048|    8|     1|        16384|
    |IMAGE_DIFF_POSTERIZE_stream_stream_stream_ap_uint_512_0_buf_B_3_U                 |IMAGE_DIFF_POSTERIZE_stream_stream_stream_ap_uint_512_0_buf_A_9_RAM_AUTO_1R1W  |        1|  0|   0|    0|  2048|    8|     1|        16384|
    |IMAGE_DIFF_POSTERIZE_stream_stream_stream_ap_uint_512_0_buf_B_2_U                 |IMAGE_DIFF_POSTERIZE_stream_stream_stream_ap_uint_512_0_buf_A_9_RAM_AUTO_1R1W  |        1|  0|   0|    0|  2048|    8|     1|        16384|
    |IMAGE_DIFF_POSTERIZE_stream_stream_stream_ap_uint_512_0_buf_B_1_U                 |IMAGE_DIFF_POSTERIZE_stream_stream_stream_ap_uint_512_0_buf_A_9_RAM_AUTO_1R1W  |        1|  0|   0|    0|  2048|    8|     1|        16384|
    |IMAGE_DIFF_POSTERIZE_stream_stream_stream_ap_uint_512_0_buf_B_U                   |IMAGE_DIFF_POSTERIZE_stream_stream_stream_ap_uint_512_0_buf_A_9_RAM_AUTO_1R1W  |        1|  0|   0|    0|  2048|    8|     1|        16384|
    |p_ZZ20IMAGE_DIFF_POSTERIZERN3hls6streamI7ap_uintILi512EELi0EEES4_S4_E5buf_B_10_U  |IMAGE_DIFF_POSTERIZE_stream_stream_stream_ap_uint_512_0_buf_A_9_RAM_AUTO_1R1W  |        1|  0|   0|    0|  2048|    8|     1|        16384|
    |p_ZZ20IMAGE_DIFF_POSTERIZERN3hls6streamI7ap_uintILi512EELi0EEES4_S4_E5buf_B_11_U  |IMAGE_DIFF_POSTERIZE_stream_stream_stream_ap_uint_512_0_buf_A_9_RAM_AUTO_1R1W  |        1|  0|   0|    0|  2048|    8|     1|        16384|
    |p_ZZ20IMAGE_DIFF_POSTERIZERN3hls6streamI7ap_uintILi512EELi0EEES4_S4_E5buf_B_12_U  |IMAGE_DIFF_POSTERIZE_stream_stream_stream_ap_uint_512_0_buf_A_9_RAM_AUTO_1R1W  |        1|  0|   0|    0|  2048|    8|     1|        16384|
    |p_ZZ20IMAGE_DIFF_POSTERIZERN3hls6streamI7ap_uintILi512EELi0EEES4_S4_E5buf_B_13_U  |IMAGE_DIFF_POSTERIZE_stream_stream_stream_ap_uint_512_0_buf_A_9_RAM_AUTO_1R1W  |        1|  0|   0|    0|  2048|    8|     1|        16384|
    |p_ZZ20IMAGE_DIFF_POSTERIZERN3hls6streamI7ap_uintILi512EELi0EEES4_S4_E5buf_B_14_U  |IMAGE_DIFF_POSTERIZE_stream_stream_stream_ap_uint_512_0_buf_A_9_RAM_AUTO_1R1W  |        1|  0|   0|    0|  2048|    8|     1|        16384|
    |p_ZZ20IMAGE_DIFF_POSTERIZERN3hls6streamI7ap_uintILi512EELi0EEES4_S4_E5buf_B_15_U  |IMAGE_DIFF_POSTERIZE_stream_stream_stream_ap_uint_512_0_buf_A_9_RAM_AUTO_1R1W  |        1|  0|   0|    0|  2048|    8|     1|        16384|
    |p_ZZ20IMAGE_DIFF_POSTERIZERN3hls6streamI7ap_uintILi512EELi0EEES4_S4_E5buf_B_16_U  |IMAGE_DIFF_POSTERIZE_stream_stream_stream_ap_uint_512_0_buf_A_9_RAM_AUTO_1R1W  |        1|  0|   0|    0|  2048|    8|     1|        16384|
    |p_ZZ20IMAGE_DIFF_POSTERIZERN3hls6streamI7ap_uintILi512EELi0EEES4_S4_E5buf_B_17_U  |IMAGE_DIFF_POSTERIZE_stream_stream_stream_ap_uint_512_0_buf_A_9_RAM_AUTO_1R1W  |        1|  0|   0|    0|  2048|    8|     1|        16384|
    |p_ZZ20IMAGE_DIFF_POSTERIZERN3hls6streamI7ap_uintILi512EELi0EEES4_S4_E5buf_B_18_U  |IMAGE_DIFF_POSTERIZE_stream_stream_stream_ap_uint_512_0_buf_A_9_RAM_AUTO_1R1W  |        1|  0|   0|    0|  2048|    8|     1|        16384|
    |p_ZZ20IMAGE_DIFF_POSTERIZERN3hls6streamI7ap_uintILi512EELi0EEES4_S4_E5buf_B_19_U  |IMAGE_DIFF_POSTERIZE_stream_stream_stream_ap_uint_512_0_buf_A_9_RAM_AUTO_1R1W  |        1|  0|   0|    0|  2048|    8|     1|        16384|
    |p_ZZ20IMAGE_DIFF_POSTERIZERN3hls6streamI7ap_uintILi512EELi0EEES4_S4_E5buf_B_20_U  |IMAGE_DIFF_POSTERIZE_stream_stream_stream_ap_uint_512_0_buf_A_9_RAM_AUTO_1R1W  |        1|  0|   0|    0|  2048|    8|     1|        16384|
    |p_ZZ20IMAGE_DIFF_POSTERIZERN3hls6streamI7ap_uintILi512EELi0EEES4_S4_E5buf_B_21_U  |IMAGE_DIFF_POSTERIZE_stream_stream_stream_ap_uint_512_0_buf_A_9_RAM_AUTO_1R1W  |        1|  0|   0|    0|  2048|    8|     1|        16384|
    |p_ZZ20IMAGE_DIFF_POSTERIZERN3hls6streamI7ap_uintILi512EELi0EEES4_S4_E5buf_B_22_U  |IMAGE_DIFF_POSTERIZE_stream_stream_stream_ap_uint_512_0_buf_A_9_RAM_AUTO_1R1W  |        1|  0|   0|    0|  2048|    8|     1|        16384|
    |p_ZZ20IMAGE_DIFF_POSTERIZERN3hls6streamI7ap_uintILi512EELi0EEES4_S4_E5buf_B_23_U  |IMAGE_DIFF_POSTERIZE_stream_stream_stream_ap_uint_512_0_buf_A_9_RAM_AUTO_1R1W  |        1|  0|   0|    0|  2048|    8|     1|        16384|
    |p_ZZ20IMAGE_DIFF_POSTERIZERN3hls6streamI7ap_uintILi512EELi0EEES4_S4_E5buf_B_24_U  |IMAGE_DIFF_POSTERIZE_stream_stream_stream_ap_uint_512_0_buf_A_9_RAM_AUTO_1R1W  |        1|  0|   0|    0|  2048|    8|     1|        16384|
    |p_ZZ20IMAGE_DIFF_POSTERIZERN3hls6streamI7ap_uintILi512EELi0EEES4_S4_E5buf_B_25_U  |IMAGE_DIFF_POSTERIZE_stream_stream_stream_ap_uint_512_0_buf_A_9_RAM_AUTO_1R1W  |        1|  0|   0|    0|  2048|    8|     1|        16384|
    |p_ZZ20IMAGE_DIFF_POSTERIZERN3hls6streamI7ap_uintILi512EELi0EEES4_S4_E5buf_B_26_U  |IMAGE_DIFF_POSTERIZE_stream_stream_stream_ap_uint_512_0_buf_A_9_RAM_AUTO_1R1W  |        1|  0|   0|    0|  2048|    8|     1|        16384|
    |p_ZZ20IMAGE_DIFF_POSTERIZERN3hls6streamI7ap_uintILi512EELi0EEES4_S4_E5buf_B_27_U  |IMAGE_DIFF_POSTERIZE_stream_stream_stream_ap_uint_512_0_buf_A_9_RAM_AUTO_1R1W  |        1|  0|   0|    0|  2048|    8|     1|        16384|
    |p_ZZ20IMAGE_DIFF_POSTERIZERN3hls6streamI7ap_uintILi512EELi0EEES4_S4_E5buf_B_28_U  |IMAGE_DIFF_POSTERIZE_stream_stream_stream_ap_uint_512_0_buf_A_9_RAM_AUTO_1R1W  |        1|  0|   0|    0|  2048|    8|     1|        16384|
    |p_ZZ20IMAGE_DIFF_POSTERIZERN3hls6streamI7ap_uintILi512EELi0EEES4_S4_E5buf_B_29_U  |IMAGE_DIFF_POSTERIZE_stream_stream_stream_ap_uint_512_0_buf_A_9_RAM_AUTO_1R1W  |        1|  0|   0|    0|  2048|    8|     1|        16384|
    |p_ZZ20IMAGE_DIFF_POSTERIZERN3hls6streamI7ap_uintILi512EELi0EEES4_S4_E5buf_B_30_U  |IMAGE_DIFF_POSTERIZE_stream_stream_stream_ap_uint_512_0_buf_A_9_RAM_AUTO_1R1W  |        1|  0|   0|    0|  2048|    8|     1|        16384|
    |p_ZZ20IMAGE_DIFF_POSTERIZERN3hls6streamI7ap_uintILi512EELi0EEES4_S4_E5buf_B_31_U  |IMAGE_DIFF_POSTERIZE_stream_stream_stream_ap_uint_512_0_buf_A_9_RAM_AUTO_1R1W  |        1|  0|   0|    0|  2048|    8|     1|        16384|
    |IMAGE_DIFF_POSTERIZE_stream_stream_stream_ap_uint_512_0_buf_C_9_U                 |IMAGE_DIFF_POSTERIZE_stream_stream_stream_ap_uint_512_0_buf_C_9_RAM_AUTO_1R1W  |        1|  0|   0|    0|  2048|    8|     1|        16384|
    |IMAGE_DIFF_POSTERIZE_stream_stream_stream_ap_uint_512_0_buf_C_8_U                 |IMAGE_DIFF_POSTERIZE_stream_stream_stream_ap_uint_512_0_buf_C_9_RAM_AUTO_1R1W  |        1|  0|   0|    0|  2048|    8|     1|        16384|
    |IMAGE_DIFF_POSTERIZE_stream_stream_stream_ap_uint_512_0_buf_C_7_U                 |IMAGE_DIFF_POSTERIZE_stream_stream_stream_ap_uint_512_0_buf_C_9_RAM_AUTO_1R1W  |        1|  0|   0|    0|  2048|    8|     1|        16384|
    |IMAGE_DIFF_POSTERIZE_stream_stream_stream_ap_uint_512_0_buf_C_6_U                 |IMAGE_DIFF_POSTERIZE_stream_stream_stream_ap_uint_512_0_buf_C_9_RAM_AUTO_1R1W  |        1|  0|   0|    0|  2048|    8|     1|        16384|
    |IMAGE_DIFF_POSTERIZE_stream_stream_stream_ap_uint_512_0_buf_C_5_U                 |IMAGE_DIFF_POSTERIZE_stream_stream_stream_ap_uint_512_0_buf_C_9_RAM_AUTO_1R1W  |        1|  0|   0|    0|  2048|    8|     1|        16384|
    |IMAGE_DIFF_POSTERIZE_stream_stream_stream_ap_uint_512_0_buf_C_4_U                 |IMAGE_DIFF_POSTERIZE_stream_stream_stream_ap_uint_512_0_buf_C_9_RAM_AUTO_1R1W  |        1|  0|   0|    0|  2048|    8|     1|        16384|
    |IMAGE_DIFF_POSTERIZE_stream_stream_stream_ap_uint_512_0_buf_C_3_U                 |IMAGE_DIFF_POSTERIZE_stream_stream_stream_ap_uint_512_0_buf_C_9_RAM_AUTO_1R1W  |        1|  0|   0|    0|  2048|    8|     1|        16384|
    |IMAGE_DIFF_POSTERIZE_stream_stream_stream_ap_uint_512_0_buf_C_2_U                 |IMAGE_DIFF_POSTERIZE_stream_stream_stream_ap_uint_512_0_buf_C_9_RAM_AUTO_1R1W  |        1|  0|   0|    0|  2048|    8|     1|        16384|
    |IMAGE_DIFF_POSTERIZE_stream_stream_stream_ap_uint_512_0_buf_C_1_U                 |IMAGE_DIFF_POSTERIZE_stream_stream_stream_ap_uint_512_0_buf_C_9_RAM_AUTO_1R1W  |        1|  0|   0|    0|  2048|    8|     1|        16384|
    |IMAGE_DIFF_POSTERIZE_stream_stream_stream_ap_uint_512_0_buf_C_U                   |IMAGE_DIFF_POSTERIZE_stream_stream_stream_ap_uint_512_0_buf_C_9_RAM_AUTO_1R1W  |        1|  0|   0|    0|  2048|    8|     1|        16384|
    |p_ZZ20IMAGE_DIFF_POSTERIZERN3hls6streamI7ap_uintILi512EELi0EEES4_S4_E5buf_C_10_U  |IMAGE_DIFF_POSTERIZE_stream_stream_stream_ap_uint_512_0_buf_C_9_RAM_AUTO_1R1W  |        1|  0|   0|    0|  2048|    8|     1|        16384|
    |p_ZZ20IMAGE_DIFF_POSTERIZERN3hls6streamI7ap_uintILi512EELi0EEES4_S4_E5buf_C_11_U  |IMAGE_DIFF_POSTERIZE_stream_stream_stream_ap_uint_512_0_buf_C_9_RAM_AUTO_1R1W  |        1|  0|   0|    0|  2048|    8|     1|        16384|
    |p_ZZ20IMAGE_DIFF_POSTERIZERN3hls6streamI7ap_uintILi512EELi0EEES4_S4_E5buf_C_12_U  |IMAGE_DIFF_POSTERIZE_stream_stream_stream_ap_uint_512_0_buf_C_9_RAM_AUTO_1R1W  |        1|  0|   0|    0|  2048|    8|     1|        16384|
    |p_ZZ20IMAGE_DIFF_POSTERIZERN3hls6streamI7ap_uintILi512EELi0EEES4_S4_E5buf_C_13_U  |IMAGE_DIFF_POSTERIZE_stream_stream_stream_ap_uint_512_0_buf_C_9_RAM_AUTO_1R1W  |        1|  0|   0|    0|  2048|    8|     1|        16384|
    |p_ZZ20IMAGE_DIFF_POSTERIZERN3hls6streamI7ap_uintILi512EELi0EEES4_S4_E5buf_C_14_U  |IMAGE_DIFF_POSTERIZE_stream_stream_stream_ap_uint_512_0_buf_C_9_RAM_AUTO_1R1W  |        1|  0|   0|    0|  2048|    8|     1|        16384|
    |p_ZZ20IMAGE_DIFF_POSTERIZERN3hls6streamI7ap_uintILi512EELi0EEES4_S4_E5buf_C_15_U  |IMAGE_DIFF_POSTERIZE_stream_stream_stream_ap_uint_512_0_buf_C_9_RAM_AUTO_1R1W  |        1|  0|   0|    0|  2048|    8|     1|        16384|
    |p_ZZ20IMAGE_DIFF_POSTERIZERN3hls6streamI7ap_uintILi512EELi0EEES4_S4_E5buf_C_16_U  |IMAGE_DIFF_POSTERIZE_stream_stream_stream_ap_uint_512_0_buf_C_9_RAM_AUTO_1R1W  |        1|  0|   0|    0|  2048|    8|     1|        16384|
    |p_ZZ20IMAGE_DIFF_POSTERIZERN3hls6streamI7ap_uintILi512EELi0EEES4_S4_E5buf_C_17_U  |IMAGE_DIFF_POSTERIZE_stream_stream_stream_ap_uint_512_0_buf_C_9_RAM_AUTO_1R1W  |        1|  0|   0|    0|  2048|    8|     1|        16384|
    |p_ZZ20IMAGE_DIFF_POSTERIZERN3hls6streamI7ap_uintILi512EELi0EEES4_S4_E5buf_C_18_U  |IMAGE_DIFF_POSTERIZE_stream_stream_stream_ap_uint_512_0_buf_C_9_RAM_AUTO_1R1W  |        1|  0|   0|    0|  2048|    8|     1|        16384|
    |p_ZZ20IMAGE_DIFF_POSTERIZERN3hls6streamI7ap_uintILi512EELi0EEES4_S4_E5buf_C_19_U  |IMAGE_DIFF_POSTERIZE_stream_stream_stream_ap_uint_512_0_buf_C_9_RAM_AUTO_1R1W  |        1|  0|   0|    0|  2048|    8|     1|        16384|
    |p_ZZ20IMAGE_DIFF_POSTERIZERN3hls6streamI7ap_uintILi512EELi0EEES4_S4_E5buf_C_20_U  |IMAGE_DIFF_POSTERIZE_stream_stream_stream_ap_uint_512_0_buf_C_9_RAM_AUTO_1R1W  |        1|  0|   0|    0|  2048|    8|     1|        16384|
    |p_ZZ20IMAGE_DIFF_POSTERIZERN3hls6streamI7ap_uintILi512EELi0EEES4_S4_E5buf_C_21_U  |IMAGE_DIFF_POSTERIZE_stream_stream_stream_ap_uint_512_0_buf_C_9_RAM_AUTO_1R1W  |        1|  0|   0|    0|  2048|    8|     1|        16384|
    |p_ZZ20IMAGE_DIFF_POSTERIZERN3hls6streamI7ap_uintILi512EELi0EEES4_S4_E5buf_C_22_U  |IMAGE_DIFF_POSTERIZE_stream_stream_stream_ap_uint_512_0_buf_C_9_RAM_AUTO_1R1W  |        1|  0|   0|    0|  2048|    8|     1|        16384|
    |p_ZZ20IMAGE_DIFF_POSTERIZERN3hls6streamI7ap_uintILi512EELi0EEES4_S4_E5buf_C_23_U  |IMAGE_DIFF_POSTERIZE_stream_stream_stream_ap_uint_512_0_buf_C_9_RAM_AUTO_1R1W  |        1|  0|   0|    0|  2048|    8|     1|        16384|
    |p_ZZ20IMAGE_DIFF_POSTERIZERN3hls6streamI7ap_uintILi512EELi0EEES4_S4_E5buf_C_24_U  |IMAGE_DIFF_POSTERIZE_stream_stream_stream_ap_uint_512_0_buf_C_9_RAM_AUTO_1R1W  |        1|  0|   0|    0|  2048|    8|     1|        16384|
    |p_ZZ20IMAGE_DIFF_POSTERIZERN3hls6streamI7ap_uintILi512EELi0EEES4_S4_E5buf_C_25_U  |IMAGE_DIFF_POSTERIZE_stream_stream_stream_ap_uint_512_0_buf_C_9_RAM_AUTO_1R1W  |        1|  0|   0|    0|  2048|    8|     1|        16384|
    |p_ZZ20IMAGE_DIFF_POSTERIZERN3hls6streamI7ap_uintILi512EELi0EEES4_S4_E5buf_C_26_U  |IMAGE_DIFF_POSTERIZE_stream_stream_stream_ap_uint_512_0_buf_C_9_RAM_AUTO_1R1W  |        1|  0|   0|    0|  2048|    8|     1|        16384|
    |p_ZZ20IMAGE_DIFF_POSTERIZERN3hls6streamI7ap_uintILi512EELi0EEES4_S4_E5buf_C_27_U  |IMAGE_DIFF_POSTERIZE_stream_stream_stream_ap_uint_512_0_buf_C_9_RAM_AUTO_1R1W  |        1|  0|   0|    0|  2048|    8|     1|        16384|
    |p_ZZ20IMAGE_DIFF_POSTERIZERN3hls6streamI7ap_uintILi512EELi0EEES4_S4_E5buf_C_28_U  |IMAGE_DIFF_POSTERIZE_stream_stream_stream_ap_uint_512_0_buf_C_9_RAM_AUTO_1R1W  |        1|  0|   0|    0|  2048|    8|     1|        16384|
    |p_ZZ20IMAGE_DIFF_POSTERIZERN3hls6streamI7ap_uintILi512EELi0EEES4_S4_E5buf_C_29_U  |IMAGE_DIFF_POSTERIZE_stream_stream_stream_ap_uint_512_0_buf_C_9_RAM_AUTO_1R1W  |        1|  0|   0|    0|  2048|    8|     1|        16384|
    |p_ZZ20IMAGE_DIFF_POSTERIZERN3hls6streamI7ap_uintILi512EELi0EEES4_S4_E5buf_C_30_U  |IMAGE_DIFF_POSTERIZE_stream_stream_stream_ap_uint_512_0_buf_C_9_RAM_AUTO_1R1W  |        1|  0|   0|    0|  2048|    8|     1|        16384|
    |p_ZZ20IMAGE_DIFF_POSTERIZERN3hls6streamI7ap_uintILi512EELi0EEES4_S4_E5buf_C_31_U  |IMAGE_DIFF_POSTERIZE_stream_stream_stream_ap_uint_512_0_buf_C_9_RAM_AUTO_1R1W  |        1|  0|   0|    0|  2048|    8|     1|        16384|
    +----------------------------------------------------------------------------------+-------------------------------------------------------------------------------+---------+---+----+-----+------+-----+------+-------------+
    |Total                                                                             |                                                                               |       96|  0|   0|    0|196608|  768|    96|      1572864|
    +----------------------------------------------------------------------------------+-------------------------------------------------------------------------------+---------+---+----+-----+------+-----+------+-------------+

    * FIFO: 
    N/A

    * Expression: 
    +-----------------------------------------------------------------------------------------+----------+----+---+----+------------+------------+
    |                                      Variable Name                                      | Operation| DSP| FF| LUT| Bitwidth P0| Bitwidth P1|
    +-----------------------------------------------------------------------------------------+----------+----+---+----+------------+------------+
    |grp_IMAGE_DIFF_POSTERIZE_Pipeline_VITIS_LOOP_92_3_store_col_loop_fu_556_stream_C_TREADY  |       and|   0|  0|   2|           1|           1|
    +-----------------------------------------------------------------------------------------+----------+----+---+----+------------+------------+
    |Total                                                                                    |          |   0|  0|   2|           1|           1|
    +-----------------------------------------------------------------------------------------+----------+----+---+----+------------+------------+

    * Multiplexer: 
    +-----------------------------------------------------------------------------------------+----+-----------+-----+-----------+
    |                                           Name                                          | LUT| Input Size| Bits| Total Bits|
    +-----------------------------------------------------------------------------------------+----+-----------+-----+-----------+
    |IMAGE_DIFF_POSTERIZE_stream_stream_stream_ap_uint_512_0_buf_A_1_address0                 |  14|          3|   11|         33|
    |IMAGE_DIFF_POSTERIZE_stream_stream_stream_ap_uint_512_0_buf_A_1_ce0                      |  14|          3|    1|          3|
    |IMAGE_DIFF_POSTERIZE_stream_stream_stream_ap_uint_512_0_buf_A_1_ce1                      |   9|          2|    1|          2|
    |IMAGE_DIFF_POSTERIZE_stream_stream_stream_ap_uint_512_0_buf_A_1_we0                      |   9|          2|    1|          2|
    |IMAGE_DIFF_POSTERIZE_stream_stream_stream_ap_uint_512_0_buf_A_1_we1                      |   9|          2|    1|          2|
    |IMAGE_DIFF_POSTERIZE_stream_stream_stream_ap_uint_512_0_buf_A_2_address0                 |  14|          3|   11|         33|
    |IMAGE_DIFF_POSTERIZE_stream_stream_stream_ap_uint_512_0_buf_A_2_ce0                      |  14|          3|    1|          3|
    |IMAGE_DIFF_POSTERIZE_stream_stream_stream_ap_uint_512_0_buf_A_2_ce1                      |   9|          2|    1|          2|
    |IMAGE_DIFF_POSTERIZE_stream_stream_stream_ap_uint_512_0_buf_A_2_we0                      |   9|          2|    1|          2|
    |IMAGE_DIFF_POSTERIZE_stream_stream_stream_ap_uint_512_0_buf_A_2_we1                      |   9|          2|    1|          2|
    |IMAGE_DIFF_POSTERIZE_stream_stream_stream_ap_uint_512_0_buf_A_3_address0                 |  14|          3|   11|         33|
    |IMAGE_DIFF_POSTERIZE_stream_stream_stream_ap_uint_512_0_buf_A_3_ce0                      |  14|          3|    1|          3|
    |IMAGE_DIFF_POSTERIZE_stream_stream_stream_ap_uint_512_0_buf_A_3_ce1                      |   9|          2|    1|          2|
    |IMAGE_DIFF_POSTERIZE_stream_stream_stream_ap_uint_512_0_buf_A_3_we0                      |   9|          2|    1|          2|
    |IMAGE_DIFF_POSTERIZE_stream_stream_stream_ap_uint_512_0_buf_A_3_we1                      |   9|          2|    1|          2|
    |IMAGE_DIFF_POSTERIZE_stream_stream_stream_ap_uint_512_0_buf_A_4_address0                 |  14|          3|   11|         33|
    |IMAGE_DIFF_POSTERIZE_stream_stream_stream_ap_uint_512_0_buf_A_4_ce0                      |  14|          3|    1|          3|
    |IMAGE_DIFF_POSTERIZE_stream_stream_stream_ap_uint_512_0_buf_A_4_ce1                      |   9|          2|    1|          2|
    |IMAGE_DIFF_POSTERIZE_stream_stream_stream_ap_uint_512_0_buf_A_4_we0                      |   9|          2|    1|          2|
    |IMAGE_DIFF_POSTERIZE_stream_stream_stream_ap_uint_512_0_buf_A_4_we1                      |   9|          2|    1|          2|
    |IMAGE_DIFF_POSTERIZE_stream_stream_stream_ap_uint_512_0_buf_A_5_address0                 |  14|          3|   11|         33|
    |IMAGE_DIFF_POSTERIZE_stream_stream_stream_ap_uint_512_0_buf_A_5_ce0                      |  14|          3|    1|          3|
    |IMAGE_DIFF_POSTERIZE_stream_stream_stream_ap_uint_512_0_buf_A_5_ce1                      |   9|          2|    1|          2|
    |IMAGE_DIFF_POSTERIZE_stream_stream_stream_ap_uint_512_0_buf_A_5_we0                      |   9|          2|    1|          2|
    |IMAGE_DIFF_POSTERIZE_stream_stream_stream_ap_uint_512_0_buf_A_5_we1                      |   9|          2|    1|          2|
    |IMAGE_DIFF_POSTERIZE_stream_stream_stream_ap_uint_512_0_buf_A_6_address0                 |  14|          3|   11|         33|
    |IMAGE_DIFF_POSTERIZE_stream_stream_stream_ap_uint_512_0_buf_A_6_ce0                      |  14|          3|    1|          3|
    |IMAGE_DIFF_POSTERIZE_stream_stream_stream_ap_uint_512_0_buf_A_6_ce1                      |   9|          2|    1|          2|
    |IMAGE_DIFF_POSTERIZE_stream_stream_stream_ap_uint_512_0_buf_A_6_we0                      |   9|          2|    1|          2|
    |IMAGE_DIFF_POSTERIZE_stream_stream_stream_ap_uint_512_0_buf_A_6_we1                      |   9|          2|    1|          2|
    |IMAGE_DIFF_POSTERIZE_stream_stream_stream_ap_uint_512_0_buf_A_7_address0                 |  14|          3|   11|         33|
    |IMAGE_DIFF_POSTERIZE_stream_stream_stream_ap_uint_512_0_buf_A_7_ce0                      |  14|          3|    1|          3|
    |IMAGE_DIFF_POSTERIZE_stream_stream_stream_ap_uint_512_0_buf_A_7_ce1                      |   9|          2|    1|          2|
    |IMAGE_DIFF_POSTERIZE_stream_stream_stream_ap_uint_512_0_buf_A_7_we0                      |   9|          2|    1|          2|
    |IMAGE_DIFF_POSTERIZE_stream_stream_stream_ap_uint_512_0_buf_A_7_we1                      |   9|          2|    1|          2|
    |IMAGE_DIFF_POSTERIZE_stream_stream_stream_ap_uint_512_0_buf_A_8_address0                 |  14|          3|   11|         33|
    |IMAGE_DIFF_POSTERIZE_stream_stream_stream_ap_uint_512_0_buf_A_8_ce0                      |  14|          3|    1|          3|
    |IMAGE_DIFF_POSTERIZE_stream_stream_stream_ap_uint_512_0_buf_A_8_ce1                      |   9|          2|    1|          2|
    |IMAGE_DIFF_POSTERIZE_stream_stream_stream_ap_uint_512_0_buf_A_8_we0                      |   9|          2|    1|          2|
    |IMAGE_DIFF_POSTERIZE_stream_stream_stream_ap_uint_512_0_buf_A_8_we1                      |   9|          2|    1|          2|
    |IMAGE_DIFF_POSTERIZE_stream_stream_stream_ap_uint_512_0_buf_A_9_address0                 |  14|          3|   11|         33|
    |IMAGE_DIFF_POSTERIZE_stream_stream_stream_ap_uint_512_0_buf_A_9_ce0                      |  14|          3|    1|          3|
    |IMAGE_DIFF_POSTERIZE_stream_stream_stream_ap_uint_512_0_buf_A_9_ce1                      |   9|          2|    1|          2|
    |IMAGE_DIFF_POSTERIZE_stream_stream_stream_ap_uint_512_0_buf_A_9_we0                      |   9|          2|    1|          2|
    |IMAGE_DIFF_POSTERIZE_stream_stream_stream_ap_uint_512_0_buf_A_9_we1                      |   9|          2|    1|          2|
    |IMAGE_DIFF_POSTERIZE_stream_stream_stream_ap_uint_512_0_buf_A_address0                   |  14|          3|   11|         33|
    |IMAGE_DIFF_POSTERIZE_stream_stream_stream_ap_uint_512_0_buf_A_ce0                        |  14|          3|    1|          3|
    |IMAGE_DIFF_POSTERIZE_stream_stream_stream_ap_uint_512_0_buf_A_ce1                        |   9|          2|    1|          2|
    |IMAGE_DIFF_POSTERIZE_stream_stream_stream_ap_uint_512_0_buf_A_we0                        |   9|          2|    1|          2|
    |IMAGE_DIFF_POSTERIZE_stream_stream_stream_ap_uint_512_0_buf_A_we1                        |   9|          2|    1|          2|
    |IMAGE_DIFF_POSTERIZE_stream_stream_stream_ap_uint_512_0_buf_B_1_address0                 |  14|          3|   11|         33|
    |IMAGE_DIFF_POSTERIZE_stream_stream_stream_ap_uint_512_0_buf_B_1_ce0                      |  14|          3|    1|          3|
    |IMAGE_DIFF_POSTERIZE_stream_stream_stream_ap_uint_512_0_buf_B_1_ce1                      |   9|          2|    1|          2|
    |IMAGE_DIFF_POSTERIZE_stream_stream_stream_ap_uint_512_0_buf_B_1_we0                      |   9|          2|    1|          2|
    |IMAGE_DIFF_POSTERIZE_stream_stream_stream_ap_uint_512_0_buf_B_1_we1                      |   9|          2|    1|          2|
    |IMAGE_DIFF_POSTERIZE_stream_stream_stream_ap_uint_512_0_buf_B_2_address0                 |  14|          3|   11|         33|
    |IMAGE_DIFF_POSTERIZE_stream_stream_stream_ap_uint_512_0_buf_B_2_ce0                      |  14|          3|    1|          3|
    |IMAGE_DIFF_POSTERIZE_stream_stream_stream_ap_uint_512_0_buf_B_2_ce1                      |   9|          2|    1|          2|
    |IMAGE_DIFF_POSTERIZE_stream_stream_stream_ap_uint_512_0_buf_B_2_we0                      |   9|          2|    1|          2|
    |IMAGE_DIFF_POSTERIZE_stream_stream_stream_ap_uint_512_0_buf_B_2_we1                      |   9|          2|    1|          2|
    |IMAGE_DIFF_POSTERIZE_stream_stream_stream_ap_uint_512_0_buf_B_3_address0                 |  14|          3|   11|         33|
    |IMAGE_DIFF_POSTERIZE_stream_stream_stream_ap_uint_512_0_buf_B_3_ce0                      |  14|          3|    1|          3|
    |IMAGE_DIFF_POSTERIZE_stream_stream_stream_ap_uint_512_0_buf_B_3_ce1                      |   9|          2|    1|          2|
    |IMAGE_DIFF_POSTERIZE_stream_stream_stream_ap_uint_512_0_buf_B_3_we0                      |   9|          2|    1|          2|
    |IMAGE_DIFF_POSTERIZE_stream_stream_stream_ap_uint_512_0_buf_B_3_we1                      |   9|          2|    1|          2|
    |IMAGE_DIFF_POSTERIZE_stream_stream_stream_ap_uint_512_0_buf_B_4_address0                 |  14|          3|   11|         33|
    |IMAGE_DIFF_POSTERIZE_stream_stream_stream_ap_uint_512_0_buf_B_4_ce0                      |  14|          3|    1|          3|
    |IMAGE_DIFF_POSTERIZE_stream_stream_stream_ap_uint_512_0_buf_B_4_ce1                      |   9|          2|    1|          2|
    |IMAGE_DIFF_POSTERIZE_stream_stream_stream_ap_uint_512_0_buf_B_4_we0                      |   9|          2|    1|          2|
    |IMAGE_DIFF_POSTERIZE_stream_stream_stream_ap_uint_512_0_buf_B_4_we1                      |   9|          2|    1|          2|
    |IMAGE_DIFF_POSTERIZE_stream_stream_stream_ap_uint_512_0_buf_B_5_address0                 |  14|          3|   11|         33|
    |IMAGE_DIFF_POSTERIZE_stream_stream_stream_ap_uint_512_0_buf_B_5_ce0                      |  14|          3|    1|          3|
    |IMAGE_DIFF_POSTERIZE_stream_stream_stream_ap_uint_512_0_buf_B_5_ce1                      |   9|          2|    1|          2|
    |IMAGE_DIFF_POSTERIZE_stream_stream_stream_ap_uint_512_0_buf_B_5_we0                      |   9|          2|    1|          2|
    |IMAGE_DIFF_POSTERIZE_stream_stream_stream_ap_uint_512_0_buf_B_5_we1                      |   9|          2|    1|          2|
    |IMAGE_DIFF_POSTERIZE_stream_stream_stream_ap_uint_512_0_buf_B_6_address0                 |  14|          3|   11|         33|
    |IMAGE_DIFF_POSTERIZE_stream_stream_stream_ap_uint_512_0_buf_B_6_ce0                      |  14|          3|    1|          3|
    |IMAGE_DIFF_POSTERIZE_stream_stream_stream_ap_uint_512_0_buf_B_6_ce1                      |   9|          2|    1|          2|
    |IMAGE_DIFF_POSTERIZE_stream_stream_stream_ap_uint_512_0_buf_B_6_we0                      |   9|          2|    1|          2|
    |IMAGE_DIFF_POSTERIZE_stream_stream_stream_ap_uint_512_0_buf_B_6_we1                      |   9|          2|    1|          2|
    |IMAGE_DIFF_POSTERIZE_stream_stream_stream_ap_uint_512_0_buf_B_7_address0                 |  14|          3|   11|         33|
    |IMAGE_DIFF_POSTERIZE_stream_stream_stream_ap_uint_512_0_buf_B_7_ce0                      |  14|          3|    1|          3|
    |IMAGE_DIFF_POSTERIZE_stream_stream_stream_ap_uint_512_0_buf_B_7_ce1                      |   9|          2|    1|          2|
    |IMAGE_DIFF_POSTERIZE_stream_stream_stream_ap_uint_512_0_buf_B_7_we0                      |   9|          2|    1|          2|
    |IMAGE_DIFF_POSTERIZE_stream_stream_stream_ap_uint_512_0_buf_B_7_we1                      |   9|          2|    1|          2|
    |IMAGE_DIFF_POSTERIZE_stream_stream_stream_ap_uint_512_0_buf_B_8_address0                 |  14|          3|   11|         33|
    |IMAGE_DIFF_POSTERIZE_stream_stream_stream_ap_uint_512_0_buf_B_8_ce0                      |  14|          3|    1|          3|
    |IMAGE_DIFF_POSTERIZE_stream_stream_stream_ap_uint_512_0_buf_B_8_ce1                      |   9|          2|    1|          2|
    |IMAGE_DIFF_POSTERIZE_stream_stream_stream_ap_uint_512_0_buf_B_8_we0                      |   9|          2|    1|          2|
    |IMAGE_DIFF_POSTERIZE_stream_stream_stream_ap_uint_512_0_buf_B_8_we1                      |   9|          2|    1|          2|
    |IMAGE_DIFF_POSTERIZE_stream_stream_stream_ap_uint_512_0_buf_B_9_address0                 |  14|          3|   11|         33|
    |IMAGE_DIFF_POSTERIZE_stream_stream_stream_ap_uint_512_0_buf_B_9_ce0                      |  14|          3|    1|          3|
    |IMAGE_DIFF_POSTERIZE_stream_stream_stream_ap_uint_512_0_buf_B_9_ce1                      |   9|          2|    1|          2|
    |IMAGE_DIFF_POSTERIZE_stream_stream_stream_ap_uint_512_0_buf_B_9_we0                      |   9|          2|    1|          2|
    |IMAGE_DIFF_POSTERIZE_stream_stream_stream_ap_uint_512_0_buf_B_9_we1                      |   9|          2|    1|          2|
    |IMAGE_DIFF_POSTERIZE_stream_stream_stream_ap_uint_512_0_buf_B_address0                   |  14|          3|   11|         33|
    |IMAGE_DIFF_POSTERIZE_stream_stream_stream_ap_uint_512_0_buf_B_ce0                        |  14|          3|    1|          3|
    |IMAGE_DIFF_POSTERIZE_stream_stream_stream_ap_uint_512_0_buf_B_ce1                        |   9|          2|    1|          2|
    |IMAGE_DIFF_POSTERIZE_stream_stream_stream_ap_uint_512_0_buf_B_we0                        |   9|          2|    1|          2|
    |IMAGE_DIFF_POSTERIZE_stream_stream_stream_ap_uint_512_0_buf_B_we1                        |   9|          2|    1|          2|
    |IMAGE_DIFF_POSTERIZE_stream_stream_stream_ap_uint_512_0_buf_C_1_address0                 |  14|          3|   11|         33|
    |IMAGE_DIFF_POSTERIZE_stream_stream_stream_ap_uint_512_0_buf_C_1_ce0                      |  14|          3|    1|          3|
    |IMAGE_DIFF_POSTERIZE_stream_stream_stream_ap_uint_512_0_buf_C_1_ce1                      |   9|          2|    1|          2|
    |IMAGE_DIFF_POSTERIZE_stream_stream_stream_ap_uint_512_0_buf_C_1_we0                      |   9|          2|    1|          2|
    |IMAGE_DIFF_POSTERIZE_stream_stream_stream_ap_uint_512_0_buf_C_2_address0                 |  14|          3|   11|         33|
    |IMAGE_DIFF_POSTERIZE_stream_stream_stream_ap_uint_512_0_buf_C_2_ce0                      |  14|          3|    1|          3|
    |IMAGE_DIFF_POSTERIZE_stream_stream_stream_ap_uint_512_0_buf_C_2_ce1                      |   9|          2|    1|          2|
    |IMAGE_DIFF_POSTERIZE_stream_stream_stream_ap_uint_512_0_buf_C_2_we0                      |   9|          2|    1|          2|
    |IMAGE_DIFF_POSTERIZE_stream_stream_stream_ap_uint_512_0_buf_C_3_address0                 |  14|          3|   11|         33|
    |IMAGE_DIFF_POSTERIZE_stream_stream_stream_ap_uint_512_0_buf_C_3_ce0                      |  14|          3|    1|          3|
    |IMAGE_DIFF_POSTERIZE_stream_stream_stream_ap_uint_512_0_buf_C_3_ce1                      |   9|          2|    1|          2|
    |IMAGE_DIFF_POSTERIZE_stream_stream_stream_ap_uint_512_0_buf_C_3_we0                      |   9|          2|    1|          2|
    |IMAGE_DIFF_POSTERIZE_stream_stream_stream_ap_uint_512_0_buf_C_4_address0                 |  14|          3|   11|         33|
    |IMAGE_DIFF_POSTERIZE_stream_stream_stream_ap_uint_512_0_buf_C_4_ce0                      |  14|          3|    1|          3|
    |IMAGE_DIFF_POSTERIZE_stream_stream_stream_ap_uint_512_0_buf_C_4_ce1                      |   9|          2|    1|          2|
    |IMAGE_DIFF_POSTERIZE_stream_stream_stream_ap_uint_512_0_buf_C_4_we0                      |   9|          2|    1|          2|
    |IMAGE_DIFF_POSTERIZE_stream_stream_stream_ap_uint_512_0_buf_C_5_address0                 |  14|          3|   11|         33|
    |IMAGE_DIFF_POSTERIZE_stream_stream_stream_ap_uint_512_0_buf_C_5_ce0                      |  14|          3|    1|          3|
    |IMAGE_DIFF_POSTERIZE_stream_stream_stream_ap_uint_512_0_buf_C_5_ce1                      |   9|          2|    1|          2|
    |IMAGE_DIFF_POSTERIZE_stream_stream_stream_ap_uint_512_0_buf_C_5_we0                      |   9|          2|    1|          2|
    |IMAGE_DIFF_POSTERIZE_stream_stream_stream_ap_uint_512_0_buf_C_6_address0                 |  14|          3|   11|         33|
    |IMAGE_DIFF_POSTERIZE_stream_stream_stream_ap_uint_512_0_buf_C_6_ce0                      |  14|          3|    1|          3|
    |IMAGE_DIFF_POSTERIZE_stream_stream_stream_ap_uint_512_0_buf_C_6_ce1                      |   9|          2|    1|          2|
    |IMAGE_DIFF_POSTERIZE_stream_stream_stream_ap_uint_512_0_buf_C_6_we0                      |   9|          2|    1|          2|
    |IMAGE_DIFF_POSTERIZE_stream_stream_stream_ap_uint_512_0_buf_C_7_address0                 |  14|          3|   11|         33|
    |IMAGE_DIFF_POSTERIZE_stream_stream_stream_ap_uint_512_0_buf_C_7_ce0                      |  14|          3|    1|          3|
    |IMAGE_DIFF_POSTERIZE_stream_stream_stream_ap_uint_512_0_buf_C_7_ce1                      |   9|          2|    1|          2|
    |IMAGE_DIFF_POSTERIZE_stream_stream_stream_ap_uint_512_0_buf_C_7_we0                      |   9|          2|    1|          2|
    |IMAGE_DIFF_POSTERIZE_stream_stream_stream_ap_uint_512_0_buf_C_8_address0                 |  14|          3|   11|         33|
    |IMAGE_DIFF_POSTERIZE_stream_stream_stream_ap_uint_512_0_buf_C_8_ce0                      |  14|          3|    1|          3|
    |IMAGE_DIFF_POSTERIZE_stream_stream_stream_ap_uint_512_0_buf_C_8_ce1                      |   9|          2|    1|          2|
    |IMAGE_DIFF_POSTERIZE_stream_stream_stream_ap_uint_512_0_buf_C_8_we0                      |   9|          2|    1|          2|
    |IMAGE_DIFF_POSTERIZE_stream_stream_stream_ap_uint_512_0_buf_C_9_address0                 |  14|          3|   11|         33|
    |IMAGE_DIFF_POSTERIZE_stream_stream_stream_ap_uint_512_0_buf_C_9_ce0                      |  14|          3|    1|          3|
    |IMAGE_DIFF_POSTERIZE_stream_stream_stream_ap_uint_512_0_buf_C_9_ce1                      |   9|          2|    1|          2|
    |IMAGE_DIFF_POSTERIZE_stream_stream_stream_ap_uint_512_0_buf_C_9_we0                      |   9|          2|    1|          2|
    |IMAGE_DIFF_POSTERIZE_stream_stream_stream_ap_uint_512_0_buf_C_address0                   |  14|          3|   11|         33|
    |IMAGE_DIFF_POSTERIZE_stream_stream_stream_ap_uint_512_0_buf_C_ce0                        |  14|          3|    1|          3|
    |IMAGE_DIFF_POSTERIZE_stream_stream_stream_ap_uint_512_0_buf_C_ce1                        |   9|          2|    1|          2|
    |IMAGE_DIFF_POSTERIZE_stream_stream_stream_ap_uint_512_0_buf_C_we0                        |   9|          2|    1|          2|
    |ap_NS_fsm                                                                                |  49|          9|    1|          9|
    |p_ZZ20IMAGE_DIFF_POSTERIZERN3hls6streamI7ap_uintILi512EELi0EEES4_S4_E5buf_A_10_address0  |  14|          3|   11|         33|
    |p_ZZ20IMAGE_DIFF_POSTERIZERN3hls6streamI7ap_uintILi512EELi0EEES4_S4_E5buf_A_10_ce0       |  14|          3|    1|          3|
    |p_ZZ20IMAGE_DIFF_POSTERIZERN3hls6streamI7ap_uintILi512EELi0EEES4_S4_E5buf_A_10_ce1       |   9|          2|    1|          2|
    |p_ZZ20IMAGE_DIFF_POSTERIZERN3hls6streamI7ap_uintILi512EELi0EEES4_S4_E5buf_A_10_we0       |   9|          2|    1|          2|
    |p_ZZ20IMAGE_DIFF_POSTERIZERN3hls6streamI7ap_uintILi512EELi0EEES4_S4_E5buf_A_10_we1       |   9|          2|    1|          2|
    |p_ZZ20IMAGE_DIFF_POSTERIZERN3hls6streamI7ap_uintILi512EELi0EEES4_S4_E5buf_A_11_address0  |  14|          3|   11|         33|
    |p_ZZ20IMAGE_DIFF_POSTERIZERN3hls6streamI7ap_uintILi512EELi0EEES4_S4_E5buf_A_11_ce0       |  14|          3|    1|          3|
    |p_ZZ20IMAGE_DIFF_POSTERIZERN3hls6streamI7ap_uintILi512EELi0EEES4_S4_E5buf_A_11_ce1       |   9|          2|    1|          2|
    |p_ZZ20IMAGE_DIFF_POSTERIZERN3hls6streamI7ap_uintILi512EELi0EEES4_S4_E5buf_A_11_we0       |   9|          2|    1|          2|
    |p_ZZ20IMAGE_DIFF_POSTERIZERN3hls6streamI7ap_uintILi512EELi0EEES4_S4_E5buf_A_11_we1       |   9|          2|    1|          2|
    |p_ZZ20IMAGE_DIFF_POSTERIZERN3hls6streamI7ap_uintILi512EELi0EEES4_S4_E5buf_A_12_address0  |  14|          3|   11|         33|
    |p_ZZ20IMAGE_DIFF_POSTERIZERN3hls6streamI7ap_uintILi512EELi0EEES4_S4_E5buf_A_12_ce0       |  14|          3|    1|          3|
    |p_ZZ20IMAGE_DIFF_POSTERIZERN3hls6streamI7ap_uintILi512EELi0EEES4_S4_E5buf_A_12_ce1       |   9|          2|    1|          2|
    |p_ZZ20IMAGE_DIFF_POSTERIZERN3hls6streamI7ap_uintILi512EELi0EEES4_S4_E5buf_A_12_we0       |   9|          2|    1|          2|
    |p_ZZ20IMAGE_DIFF_POSTERIZERN3hls6streamI7ap_uintILi512EELi0EEES4_S4_E5buf_A_12_we1       |   9|          2|    1|          2|
    |p_ZZ20IMAGE_DIFF_POSTERIZERN3hls6streamI7ap_uintILi512EELi0EEES4_S4_E5buf_A_13_address0  |  14|          3|   11|         33|
    |p_ZZ20IMAGE_DIFF_POSTERIZERN3hls6streamI7ap_uintILi512EELi0EEES4_S4_E5buf_A_13_ce0       |  14|          3|    1|          3|
    |p_ZZ20IMAGE_DIFF_POSTERIZERN3hls6streamI7ap_uintILi512EELi0EEES4_S4_E5buf_A_13_ce1       |   9|          2|    1|          2|
    |p_ZZ20IMAGE_DIFF_POSTERIZERN3hls6streamI7ap_uintILi512EELi0EEES4_S4_E5buf_A_13_we0       |   9|          2|    1|          2|
    |p_ZZ20IMAGE_DIFF_POSTERIZERN3hls6streamI7ap_uintILi512EELi0EEES4_S4_E5buf_A_13_we1       |   9|          2|    1|          2|
    |p_ZZ20IMAGE_DIFF_POSTERIZERN3hls6streamI7ap_uintILi512EELi0EEES4_S4_E5buf_A_14_address0  |  14|          3|   11|         33|
    |p_ZZ20IMAGE_DIFF_POSTERIZERN3hls6streamI7ap_uintILi512EELi0EEES4_S4_E5buf_A_14_ce0       |  14|          3|    1|          3|
    |p_ZZ20IMAGE_DIFF_POSTERIZERN3hls6streamI7ap_uintILi512EELi0EEES4_S4_E5buf_A_14_ce1       |   9|          2|    1|          2|
    |p_ZZ20IMAGE_DIFF_POSTERIZERN3hls6streamI7ap_uintILi512EELi0EEES4_S4_E5buf_A_14_we0       |   9|          2|    1|          2|
    |p_ZZ20IMAGE_DIFF_POSTERIZERN3hls6streamI7ap_uintILi512EELi0EEES4_S4_E5buf_A_14_we1       |   9|          2|    1|          2|
    |p_ZZ20IMAGE_DIFF_POSTERIZERN3hls6streamI7ap_uintILi512EELi0EEES4_S4_E5buf_A_15_address0  |  14|          3|   11|         33|
    |p_ZZ20IMAGE_DIFF_POSTERIZERN3hls6streamI7ap_uintILi512EELi0EEES4_S4_E5buf_A_15_ce0       |  14|          3|    1|          3|
    |p_ZZ20IMAGE_DIFF_POSTERIZERN3hls6streamI7ap_uintILi512EELi0EEES4_S4_E5buf_A_15_ce1       |   9|          2|    1|          2|
    |p_ZZ20IMAGE_DIFF_POSTERIZERN3hls6streamI7ap_uintILi512EELi0EEES4_S4_E5buf_A_15_we0       |   9|          2|    1|          2|
    |p_ZZ20IMAGE_DIFF_POSTERIZERN3hls6streamI7ap_uintILi512EELi0EEES4_S4_E5buf_A_15_we1       |   9|          2|    1|          2|
    |p_ZZ20IMAGE_DIFF_POSTERIZERN3hls6streamI7ap_uintILi512EELi0EEES4_S4_E5buf_A_16_address0  |  14|          3|   11|         33|
    |p_ZZ20IMAGE_DIFF_POSTERIZERN3hls6streamI7ap_uintILi512EELi0EEES4_S4_E5buf_A_16_ce0       |  14|          3|    1|          3|
    |p_ZZ20IMAGE_DIFF_POSTERIZERN3hls6streamI7ap_uintILi512EELi0EEES4_S4_E5buf_A_16_ce1       |   9|          2|    1|          2|
    |p_ZZ20IMAGE_DIFF_POSTERIZERN3hls6streamI7ap_uintILi512EELi0EEES4_S4_E5buf_A_16_we0       |   9|          2|    1|          2|
    |p_ZZ20IMAGE_DIFF_POSTERIZERN3hls6streamI7ap_uintILi512EELi0EEES4_S4_E5buf_A_16_we1       |   9|          2|    1|          2|
    |p_ZZ20IMAGE_DIFF_POSTERIZERN3hls6streamI7ap_uintILi512EELi0EEES4_S4_E5buf_A_17_address0  |  14|          3|   11|         33|
    |p_ZZ20IMAGE_DIFF_POSTERIZERN3hls6streamI7ap_uintILi512EELi0EEES4_S4_E5buf_A_17_ce0       |  14|          3|    1|          3|
    |p_ZZ20IMAGE_DIFF_POSTERIZERN3hls6streamI7ap_uintILi512EELi0EEES4_S4_E5buf_A_17_ce1       |   9|          2|    1|          2|
    |p_ZZ20IMAGE_DIFF_POSTERIZERN3hls6streamI7ap_uintILi512EELi0EEES4_S4_E5buf_A_17_we0       |   9|          2|    1|          2|
    |p_ZZ20IMAGE_DIFF_POSTERIZERN3hls6streamI7ap_uintILi512EELi0EEES4_S4_E5buf_A_17_we1       |   9|          2|    1|          2|
    |p_ZZ20IMAGE_DIFF_POSTERIZERN3hls6streamI7ap_uintILi512EELi0EEES4_S4_E5buf_A_18_address0  |  14|          3|   11|         33|
    |p_ZZ20IMAGE_DIFF_POSTERIZERN3hls6streamI7ap_uintILi512EELi0EEES4_S4_E5buf_A_18_ce0       |  14|          3|    1|          3|
    |p_ZZ20IMAGE_DIFF_POSTERIZERN3hls6streamI7ap_uintILi512EELi0EEES4_S4_E5buf_A_18_ce1       |   9|          2|    1|          2|
    |p_ZZ20IMAGE_DIFF_POSTERIZERN3hls6streamI7ap_uintILi512EELi0EEES4_S4_E5buf_A_18_we0       |   9|          2|    1|          2|
    |p_ZZ20IMAGE_DIFF_POSTERIZERN3hls6streamI7ap_uintILi512EELi0EEES4_S4_E5buf_A_18_we1       |   9|          2|    1|          2|
    |p_ZZ20IMAGE_DIFF_POSTERIZERN3hls6streamI7ap_uintILi512EELi0EEES4_S4_E5buf_A_19_address0  |  14|          3|   11|         33|
    |p_ZZ20IMAGE_DIFF_POSTERIZERN3hls6streamI7ap_uintILi512EELi0EEES4_S4_E5buf_A_19_ce0       |  14|          3|    1|          3|
    |p_ZZ20IMAGE_DIFF_POSTERIZERN3hls6streamI7ap_uintILi512EELi0EEES4_S4_E5buf_A_19_ce1       |   9|          2|    1|          2|
    |p_ZZ20IMAGE_DIFF_POSTERIZERN3hls6streamI7ap_uintILi512EELi0EEES4_S4_E5buf_A_19_we0       |   9|          2|    1|          2|
    |p_ZZ20IMAGE_DIFF_POSTERIZERN3hls6streamI7ap_uintILi512EELi0EEES4_S4_E5buf_A_19_we1       |   9|          2|    1|          2|
    |p_ZZ20IMAGE_DIFF_POSTERIZERN3hls6streamI7ap_uintILi512EELi0EEES4_S4_E5buf_A_20_address0  |  14|          3|   11|         33|
    |p_ZZ20IMAGE_DIFF_POSTERIZERN3hls6streamI7ap_uintILi512EELi0EEES4_S4_E5buf_A_20_ce0       |  14|          3|    1|          3|
    |p_ZZ20IMAGE_DIFF_POSTERIZERN3hls6streamI7ap_uintILi512EELi0EEES4_S4_E5buf_A_20_ce1       |   9|          2|    1|          2|
    |p_ZZ20IMAGE_DIFF_POSTERIZERN3hls6streamI7ap_uintILi512EELi0EEES4_S4_E5buf_A_20_we0       |   9|          2|    1|          2|
    |p_ZZ20IMAGE_DIFF_POSTERIZERN3hls6streamI7ap_uintILi512EELi0EEES4_S4_E5buf_A_20_we1       |   9|          2|    1|          2|
    |p_ZZ20IMAGE_DIFF_POSTERIZERN3hls6streamI7ap_uintILi512EELi0EEES4_S4_E5buf_A_21_address0  |  14|          3|   11|         33|
    |p_ZZ20IMAGE_DIFF_POSTERIZERN3hls6streamI7ap_uintILi512EELi0EEES4_S4_E5buf_A_21_ce0       |  14|          3|    1|          3|
    |p_ZZ20IMAGE_DIFF_POSTERIZERN3hls6streamI7ap_uintILi512EELi0EEES4_S4_E5buf_A_21_ce1       |   9|          2|    1|          2|
    |p_ZZ20IMAGE_DIFF_POSTERIZERN3hls6streamI7ap_uintILi512EELi0EEES4_S4_E5buf_A_21_we0       |   9|          2|    1|          2|
    |p_ZZ20IMAGE_DIFF_POSTERIZERN3hls6streamI7ap_uintILi512EELi0EEES4_S4_E5buf_A_21_we1       |   9|          2|    1|          2|
    |p_ZZ20IMAGE_DIFF_POSTERIZERN3hls6streamI7ap_uintILi512EELi0EEES4_S4_E5buf_A_22_address0  |  14|          3|   11|         33|
    |p_ZZ20IMAGE_DIFF_POSTERIZERN3hls6streamI7ap_uintILi512EELi0EEES4_S4_E5buf_A_22_ce0       |  14|          3|    1|          3|
    |p_ZZ20IMAGE_DIFF_POSTERIZERN3hls6streamI7ap_uintILi512EELi0EEES4_S4_E5buf_A_22_ce1       |   9|          2|    1|          2|
    |p_ZZ20IMAGE_DIFF_POSTERIZERN3hls6streamI7ap_uintILi512EELi0EEES4_S4_E5buf_A_22_we0       |   9|          2|    1|          2|
    |p_ZZ20IMAGE_DIFF_POSTERIZERN3hls6streamI7ap_uintILi512EELi0EEES4_S4_E5buf_A_22_we1       |   9|          2|    1|          2|
    |p_ZZ20IMAGE_DIFF_POSTERIZERN3hls6streamI7ap_uintILi512EELi0EEES4_S4_E5buf_A_23_address0  |  14|          3|   11|         33|
    |p_ZZ20IMAGE_DIFF_POSTERIZERN3hls6streamI7ap_uintILi512EELi0EEES4_S4_E5buf_A_23_ce0       |  14|          3|    1|          3|
    |p_ZZ20IMAGE_DIFF_POSTERIZERN3hls6streamI7ap_uintILi512EELi0EEES4_S4_E5buf_A_23_ce1       |   9|          2|    1|          2|
    |p_ZZ20IMAGE_DIFF_POSTERIZERN3hls6streamI7ap_uintILi512EELi0EEES4_S4_E5buf_A_23_we0       |   9|          2|    1|          2|
    |p_ZZ20IMAGE_DIFF_POSTERIZERN3hls6streamI7ap_uintILi512EELi0EEES4_S4_E5buf_A_23_we1       |   9|          2|    1|          2|
    |p_ZZ20IMAGE_DIFF_POSTERIZERN3hls6streamI7ap_uintILi512EELi0EEES4_S4_E5buf_A_24_address0  |  14|          3|   11|         33|
    |p_ZZ20IMAGE_DIFF_POSTERIZERN3hls6streamI7ap_uintILi512EELi0EEES4_S4_E5buf_A_24_ce0       |  14|          3|    1|          3|
    |p_ZZ20IMAGE_DIFF_POSTERIZERN3hls6streamI7ap_uintILi512EELi0EEES4_S4_E5buf_A_24_ce1       |   9|          2|    1|          2|
    |p_ZZ20IMAGE_DIFF_POSTERIZERN3hls6streamI7ap_uintILi512EELi0EEES4_S4_E5buf_A_24_we0       |   9|          2|    1|          2|
    |p_ZZ20IMAGE_DIFF_POSTERIZERN3hls6streamI7ap_uintILi512EELi0EEES4_S4_E5buf_A_24_we1       |   9|          2|    1|          2|
    |p_ZZ20IMAGE_DIFF_POSTERIZERN3hls6streamI7ap_uintILi512EELi0EEES4_S4_E5buf_A_25_address0  |  14|          3|   11|         33|
    |p_ZZ20IMAGE_DIFF_POSTERIZERN3hls6streamI7ap_uintILi512EELi0EEES4_S4_E5buf_A_25_ce0       |  14|          3|    1|          3|
    |p_ZZ20IMAGE_DIFF_POSTERIZERN3hls6streamI7ap_uintILi512EELi0EEES4_S4_E5buf_A_25_ce1       |   9|          2|    1|          2|
    |p_ZZ20IMAGE_DIFF_POSTERIZERN3hls6streamI7ap_uintILi512EELi0EEES4_S4_E5buf_A_25_we0       |   9|          2|    1|          2|
    |p_ZZ20IMAGE_DIFF_POSTERIZERN3hls6streamI7ap_uintILi512EELi0EEES4_S4_E5buf_A_25_we1       |   9|          2|    1|          2|
    |p_ZZ20IMAGE_DIFF_POSTERIZERN3hls6streamI7ap_uintILi512EELi0EEES4_S4_E5buf_A_26_address0  |  14|          3|   11|         33|
    |p_ZZ20IMAGE_DIFF_POSTERIZERN3hls6streamI7ap_uintILi512EELi0EEES4_S4_E5buf_A_26_ce0       |  14|          3|    1|          3|
    |p_ZZ20IMAGE_DIFF_POSTERIZERN3hls6streamI7ap_uintILi512EELi0EEES4_S4_E5buf_A_26_ce1       |   9|          2|    1|          2|
    |p_ZZ20IMAGE_DIFF_POSTERIZERN3hls6streamI7ap_uintILi512EELi0EEES4_S4_E5buf_A_26_we0       |   9|          2|    1|          2|
    |p_ZZ20IMAGE_DIFF_POSTERIZERN3hls6streamI7ap_uintILi512EELi0EEES4_S4_E5buf_A_26_we1       |   9|          2|    1|          2|
    |p_ZZ20IMAGE_DIFF_POSTERIZERN3hls6streamI7ap_uintILi512EELi0EEES4_S4_E5buf_A_27_address0  |  14|          3|   11|         33|
    |p_ZZ20IMAGE_DIFF_POSTERIZERN3hls6streamI7ap_uintILi512EELi0EEES4_S4_E5buf_A_27_ce0       |  14|          3|    1|          3|
    |p_ZZ20IMAGE_DIFF_POSTERIZERN3hls6streamI7ap_uintILi512EELi0EEES4_S4_E5buf_A_27_ce1       |   9|          2|    1|          2|
    |p_ZZ20IMAGE_DIFF_POSTERIZERN3hls6streamI7ap_uintILi512EELi0EEES4_S4_E5buf_A_27_we0       |   9|          2|    1|          2|
    |p_ZZ20IMAGE_DIFF_POSTERIZERN3hls6streamI7ap_uintILi512EELi0EEES4_S4_E5buf_A_27_we1       |   9|          2|    1|          2|
    |p_ZZ20IMAGE_DIFF_POSTERIZERN3hls6streamI7ap_uintILi512EELi0EEES4_S4_E5buf_A_28_address0  |  14|          3|   11|         33|
    |p_ZZ20IMAGE_DIFF_POSTERIZERN3hls6streamI7ap_uintILi512EELi0EEES4_S4_E5buf_A_28_ce0       |  14|          3|    1|          3|
    |p_ZZ20IMAGE_DIFF_POSTERIZERN3hls6streamI7ap_uintILi512EELi0EEES4_S4_E5buf_A_28_ce1       |   9|          2|    1|          2|
    |p_ZZ20IMAGE_DIFF_POSTERIZERN3hls6streamI7ap_uintILi512EELi0EEES4_S4_E5buf_A_28_we0       |   9|          2|    1|          2|
    |p_ZZ20IMAGE_DIFF_POSTERIZERN3hls6streamI7ap_uintILi512EELi0EEES4_S4_E5buf_A_28_we1       |   9|          2|    1|          2|
    |p_ZZ20IMAGE_DIFF_POSTERIZERN3hls6streamI7ap_uintILi512EELi0EEES4_S4_E5buf_A_29_address0  |  14|          3|   11|         33|
    |p_ZZ20IMAGE_DIFF_POSTERIZERN3hls6streamI7ap_uintILi512EELi0EEES4_S4_E5buf_A_29_ce0       |  14|          3|    1|          3|
    |p_ZZ20IMAGE_DIFF_POSTERIZERN3hls6streamI7ap_uintILi512EELi0EEES4_S4_E5buf_A_29_ce1       |   9|          2|    1|          2|
    |p_ZZ20IMAGE_DIFF_POSTERIZERN3hls6streamI7ap_uintILi512EELi0EEES4_S4_E5buf_A_29_we0       |   9|          2|    1|          2|
    |p_ZZ20IMAGE_DIFF_POSTERIZERN3hls6streamI7ap_uintILi512EELi0EEES4_S4_E5buf_A_29_we1       |   9|          2|    1|          2|
    |p_ZZ20IMAGE_DIFF_POSTERIZERN3hls6streamI7ap_uintILi512EELi0EEES4_S4_E5buf_A_30_address0  |  14|          3|   11|         33|
    |p_ZZ20IMAGE_DIFF_POSTERIZERN3hls6streamI7ap_uintILi512EELi0EEES4_S4_E5buf_A_30_ce0       |  14|          3|    1|          3|
    |p_ZZ20IMAGE_DIFF_POSTERIZERN3hls6streamI7ap_uintILi512EELi0EEES4_S4_E5buf_A_30_ce1       |   9|          2|    1|          2|
    |p_ZZ20IMAGE_DIFF_POSTERIZERN3hls6streamI7ap_uintILi512EELi0EEES4_S4_E5buf_A_30_we0       |   9|          2|    1|          2|
    |p_ZZ20IMAGE_DIFF_POSTERIZERN3hls6streamI7ap_uintILi512EELi0EEES4_S4_E5buf_A_30_we1       |   9|          2|    1|          2|
    |p_ZZ20IMAGE_DIFF_POSTERIZERN3hls6streamI7ap_uintILi512EELi0EEES4_S4_E5buf_A_31_address0  |  14|          3|   11|         33|
    |p_ZZ20IMAGE_DIFF_POSTERIZERN3hls6streamI7ap_uintILi512EELi0EEES4_S4_E5buf_A_31_ce0       |  14|          3|    1|          3|
    |p_ZZ20IMAGE_DIFF_POSTERIZERN3hls6streamI7ap_uintILi512EELi0EEES4_S4_E5buf_A_31_ce1       |   9|          2|    1|          2|
    |p_ZZ20IMAGE_DIFF_POSTERIZERN3hls6streamI7ap_uintILi512EELi0EEES4_S4_E5buf_A_31_we0       |   9|          2|    1|          2|
    |p_ZZ20IMAGE_DIFF_POSTERIZERN3hls6streamI7ap_uintILi512EELi0EEES4_S4_E5buf_A_31_we1       |   9|          2|    1|          2|
    |p_ZZ20IMAGE_DIFF_POSTERIZERN3hls6streamI7ap_uintILi512EELi0EEES4_S4_E5buf_B_10_address0  |  14|          3|   11|         33|
    |p_ZZ20IMAGE_DIFF_POSTERIZERN3hls6streamI7ap_uintILi512EELi0EEES4_S4_E5buf_B_10_ce0       |  14|          3|    1|          3|
    |p_ZZ20IMAGE_DIFF_POSTERIZERN3hls6streamI7ap_uintILi512EELi0EEES4_S4_E5buf_B_10_ce1       |   9|          2|    1|          2|
    |p_ZZ20IMAGE_DIFF_POSTERIZERN3hls6streamI7ap_uintILi512EELi0EEES4_S4_E5buf_B_10_we0       |   9|          2|    1|          2|
    |p_ZZ20IMAGE_DIFF_POSTERIZERN3hls6streamI7ap_uintILi512EELi0EEES4_S4_E5buf_B_10_we1       |   9|          2|    1|          2|
    |p_ZZ20IMAGE_DIFF_POSTERIZERN3hls6streamI7ap_uintILi512EELi0EEES4_S4_E5buf_B_11_address0  |  14|          3|   11|         33|
    |p_ZZ20IMAGE_DIFF_POSTERIZERN3hls6streamI7ap_uintILi512EELi0EEES4_S4_E5buf_B_11_ce0       |  14|          3|    1|          3|
    |p_ZZ20IMAGE_DIFF_POSTERIZERN3hls6streamI7ap_uintILi512EELi0EEES4_S4_E5buf_B_11_ce1       |   9|          2|    1|          2|
    |p_ZZ20IMAGE_DIFF_POSTERIZERN3hls6streamI7ap_uintILi512EELi0EEES4_S4_E5buf_B_11_we0       |   9|          2|    1|          2|
    |p_ZZ20IMAGE_DIFF_POSTERIZERN3hls6streamI7ap_uintILi512EELi0EEES4_S4_E5buf_B_11_we1       |   9|          2|    1|          2|
    |p_ZZ20IMAGE_DIFF_POSTERIZERN3hls6streamI7ap_uintILi512EELi0EEES4_S4_E5buf_B_12_address0  |  14|          3|   11|         33|
    |p_ZZ20IMAGE_DIFF_POSTERIZERN3hls6streamI7ap_uintILi512EELi0EEES4_S4_E5buf_B_12_ce0       |  14|          3|    1|          3|
    |p_ZZ20IMAGE_DIFF_POSTERIZERN3hls6streamI7ap_uintILi512EELi0EEES4_S4_E5buf_B_12_ce1       |   9|          2|    1|          2|
    |p_ZZ20IMAGE_DIFF_POSTERIZERN3hls6streamI7ap_uintILi512EELi0EEES4_S4_E5buf_B_12_we0       |   9|          2|    1|          2|
    |p_ZZ20IMAGE_DIFF_POSTERIZERN3hls6streamI7ap_uintILi512EELi0EEES4_S4_E5buf_B_12_we1       |   9|          2|    1|          2|
    |p_ZZ20IMAGE_DIFF_POSTERIZERN3hls6streamI7ap_uintILi512EELi0EEES4_S4_E5buf_B_13_address0  |  14|          3|   11|         33|
    |p_ZZ20IMAGE_DIFF_POSTERIZERN3hls6streamI7ap_uintILi512EELi0EEES4_S4_E5buf_B_13_ce0       |  14|          3|    1|          3|
    |p_ZZ20IMAGE_DIFF_POSTERIZERN3hls6streamI7ap_uintILi512EELi0EEES4_S4_E5buf_B_13_ce1       |   9|          2|    1|          2|
    |p_ZZ20IMAGE_DIFF_POSTERIZERN3hls6streamI7ap_uintILi512EELi0EEES4_S4_E5buf_B_13_we0       |   9|          2|    1|          2|
    |p_ZZ20IMAGE_DIFF_POSTERIZERN3hls6streamI7ap_uintILi512EELi0EEES4_S4_E5buf_B_13_we1       |   9|          2|    1|          2|
    |p_ZZ20IMAGE_DIFF_POSTERIZERN3hls6streamI7ap_uintILi512EELi0EEES4_S4_E5buf_B_14_address0  |  14|          3|   11|         33|
    |p_ZZ20IMAGE_DIFF_POSTERIZERN3hls6streamI7ap_uintILi512EELi0EEES4_S4_E5buf_B_14_ce0       |  14|          3|    1|          3|
    |p_ZZ20IMAGE_DIFF_POSTERIZERN3hls6streamI7ap_uintILi512EELi0EEES4_S4_E5buf_B_14_ce1       |   9|          2|    1|          2|
    |p_ZZ20IMAGE_DIFF_POSTERIZERN3hls6streamI7ap_uintILi512EELi0EEES4_S4_E5buf_B_14_we0       |   9|          2|    1|          2|
    |p_ZZ20IMAGE_DIFF_POSTERIZERN3hls6streamI7ap_uintILi512EELi0EEES4_S4_E5buf_B_14_we1       |   9|          2|    1|          2|
    |p_ZZ20IMAGE_DIFF_POSTERIZERN3hls6streamI7ap_uintILi512EELi0EEES4_S4_E5buf_B_15_address0  |  14|          3|   11|         33|
    |p_ZZ20IMAGE_DIFF_POSTERIZERN3hls6streamI7ap_uintILi512EELi0EEES4_S4_E5buf_B_15_ce0       |  14|          3|    1|          3|
    |p_ZZ20IMAGE_DIFF_POSTERIZERN3hls6streamI7ap_uintILi512EELi0EEES4_S4_E5buf_B_15_ce1       |   9|          2|    1|          2|
    |p_ZZ20IMAGE_DIFF_POSTERIZERN3hls6streamI7ap_uintILi512EELi0EEES4_S4_E5buf_B_15_we0       |   9|          2|    1|          2|
    |p_ZZ20IMAGE_DIFF_POSTERIZERN3hls6streamI7ap_uintILi512EELi0EEES4_S4_E5buf_B_15_we1       |   9|          2|    1|          2|
    |p_ZZ20IMAGE_DIFF_POSTERIZERN3hls6streamI7ap_uintILi512EELi0EEES4_S4_E5buf_B_16_address0  |  14|          3|   11|         33|
    |p_ZZ20IMAGE_DIFF_POSTERIZERN3hls6streamI7ap_uintILi512EELi0EEES4_S4_E5buf_B_16_ce0       |  14|          3|    1|          3|
    |p_ZZ20IMAGE_DIFF_POSTERIZERN3hls6streamI7ap_uintILi512EELi0EEES4_S4_E5buf_B_16_ce1       |   9|          2|    1|          2|
    |p_ZZ20IMAGE_DIFF_POSTERIZERN3hls6streamI7ap_uintILi512EELi0EEES4_S4_E5buf_B_16_we0       |   9|          2|    1|          2|
    |p_ZZ20IMAGE_DIFF_POSTERIZERN3hls6streamI7ap_uintILi512EELi0EEES4_S4_E5buf_B_16_we1       |   9|          2|    1|          2|
    |p_ZZ20IMAGE_DIFF_POSTERIZERN3hls6streamI7ap_uintILi512EELi0EEES4_S4_E5buf_B_17_address0  |  14|          3|   11|         33|
    |p_ZZ20IMAGE_DIFF_POSTERIZERN3hls6streamI7ap_uintILi512EELi0EEES4_S4_E5buf_B_17_ce0       |  14|          3|    1|          3|
    |p_ZZ20IMAGE_DIFF_POSTERIZERN3hls6streamI7ap_uintILi512EELi0EEES4_S4_E5buf_B_17_ce1       |   9|          2|    1|          2|
    |p_ZZ20IMAGE_DIFF_POSTERIZERN3hls6streamI7ap_uintILi512EELi0EEES4_S4_E5buf_B_17_we0       |   9|          2|    1|          2|
    |p_ZZ20IMAGE_DIFF_POSTERIZERN3hls6streamI7ap_uintILi512EELi0EEES4_S4_E5buf_B_17_we1       |   9|          2|    1|          2|
    |p_ZZ20IMAGE_DIFF_POSTERIZERN3hls6streamI7ap_uintILi512EELi0EEES4_S4_E5buf_B_18_address0  |  14|          3|   11|         33|
    |p_ZZ20IMAGE_DIFF_POSTERIZERN3hls6streamI7ap_uintILi512EELi0EEES4_S4_E5buf_B_18_ce0       |  14|          3|    1|          3|
    |p_ZZ20IMAGE_DIFF_POSTERIZERN3hls6streamI7ap_uintILi512EELi0EEES4_S4_E5buf_B_18_ce1       |   9|          2|    1|          2|
    |p_ZZ20IMAGE_DIFF_POSTERIZERN3hls6streamI7ap_uintILi512EELi0EEES4_S4_E5buf_B_18_we0       |   9|          2|    1|          2|
    |p_ZZ20IMAGE_DIFF_POSTERIZERN3hls6streamI7ap_uintILi512EELi0EEES4_S4_E5buf_B_18_we1       |   9|          2|    1|          2|
    |p_ZZ20IMAGE_DIFF_POSTERIZERN3hls6streamI7ap_uintILi512EELi0EEES4_S4_E5buf_B_19_address0  |  14|          3|   11|         33|
    |p_ZZ20IMAGE_DIFF_POSTERIZERN3hls6streamI7ap_uintILi512EELi0EEES4_S4_E5buf_B_19_ce0       |  14|          3|    1|          3|
    |p_ZZ20IMAGE_DIFF_POSTERIZERN3hls6streamI7ap_uintILi512EELi0EEES4_S4_E5buf_B_19_ce1       |   9|          2|    1|          2|
    |p_ZZ20IMAGE_DIFF_POSTERIZERN3hls6streamI7ap_uintILi512EELi0EEES4_S4_E5buf_B_19_we0       |   9|          2|    1|          2|
    |p_ZZ20IMAGE_DIFF_POSTERIZERN3hls6streamI7ap_uintILi512EELi0EEES4_S4_E5buf_B_19_we1       |   9|          2|    1|          2|
    |p_ZZ20IMAGE_DIFF_POSTERIZERN3hls6streamI7ap_uintILi512EELi0EEES4_S4_E5buf_B_20_address0  |  14|          3|   11|         33|
    |p_ZZ20IMAGE_DIFF_POSTERIZERN3hls6streamI7ap_uintILi512EELi0EEES4_S4_E5buf_B_20_ce0       |  14|          3|    1|          3|
    |p_ZZ20IMAGE_DIFF_POSTERIZERN3hls6streamI7ap_uintILi512EELi0EEES4_S4_E5buf_B_20_ce1       |   9|          2|    1|          2|
    |p_ZZ20IMAGE_DIFF_POSTERIZERN3hls6streamI7ap_uintILi512EELi0EEES4_S4_E5buf_B_20_we0       |   9|          2|    1|          2|
    |p_ZZ20IMAGE_DIFF_POSTERIZERN3hls6streamI7ap_uintILi512EELi0EEES4_S4_E5buf_B_20_we1       |   9|          2|    1|          2|
    |p_ZZ20IMAGE_DIFF_POSTERIZERN3hls6streamI7ap_uintILi512EELi0EEES4_S4_E5buf_B_21_address0  |  14|          3|   11|         33|
    |p_ZZ20IMAGE_DIFF_POSTERIZERN3hls6streamI7ap_uintILi512EELi0EEES4_S4_E5buf_B_21_ce0       |  14|          3|    1|          3|
    |p_ZZ20IMAGE_DIFF_POSTERIZERN3hls6streamI7ap_uintILi512EELi0EEES4_S4_E5buf_B_21_ce1       |   9|          2|    1|          2|
    |p_ZZ20IMAGE_DIFF_POSTERIZERN3hls6streamI7ap_uintILi512EELi0EEES4_S4_E5buf_B_21_we0       |   9|          2|    1|          2|
    |p_ZZ20IMAGE_DIFF_POSTERIZERN3hls6streamI7ap_uintILi512EELi0EEES4_S4_E5buf_B_21_we1       |   9|          2|    1|          2|
    |p_ZZ20IMAGE_DIFF_POSTERIZERN3hls6streamI7ap_uintILi512EELi0EEES4_S4_E5buf_B_22_address0  |  14|          3|   11|         33|
    |p_ZZ20IMAGE_DIFF_POSTERIZERN3hls6streamI7ap_uintILi512EELi0EEES4_S4_E5buf_B_22_ce0       |  14|          3|    1|          3|
    |p_ZZ20IMAGE_DIFF_POSTERIZERN3hls6streamI7ap_uintILi512EELi0EEES4_S4_E5buf_B_22_ce1       |   9|          2|    1|          2|
    |p_ZZ20IMAGE_DIFF_POSTERIZERN3hls6streamI7ap_uintILi512EELi0EEES4_S4_E5buf_B_22_we0       |   9|          2|    1|          2|
    |p_ZZ20IMAGE_DIFF_POSTERIZERN3hls6streamI7ap_uintILi512EELi0EEES4_S4_E5buf_B_22_we1       |   9|          2|    1|          2|
    |p_ZZ20IMAGE_DIFF_POSTERIZERN3hls6streamI7ap_uintILi512EELi0EEES4_S4_E5buf_B_23_address0  |  14|          3|   11|         33|
    |p_ZZ20IMAGE_DIFF_POSTERIZERN3hls6streamI7ap_uintILi512EELi0EEES4_S4_E5buf_B_23_ce0       |  14|          3|    1|          3|
    |p_ZZ20IMAGE_DIFF_POSTERIZERN3hls6streamI7ap_uintILi512EELi0EEES4_S4_E5buf_B_23_ce1       |   9|          2|    1|          2|
    |p_ZZ20IMAGE_DIFF_POSTERIZERN3hls6streamI7ap_uintILi512EELi0EEES4_S4_E5buf_B_23_we0       |   9|          2|    1|          2|
    |p_ZZ20IMAGE_DIFF_POSTERIZERN3hls6streamI7ap_uintILi512EELi0EEES4_S4_E5buf_B_23_we1       |   9|          2|    1|          2|
    |p_ZZ20IMAGE_DIFF_POSTERIZERN3hls6streamI7ap_uintILi512EELi0EEES4_S4_E5buf_B_24_address0  |  14|          3|   11|         33|
    |p_ZZ20IMAGE_DIFF_POSTERIZERN3hls6streamI7ap_uintILi512EELi0EEES4_S4_E5buf_B_24_ce0       |  14|          3|    1|          3|
    |p_ZZ20IMAGE_DIFF_POSTERIZERN3hls6streamI7ap_uintILi512EELi0EEES4_S4_E5buf_B_24_ce1       |   9|          2|    1|          2|
    |p_ZZ20IMAGE_DIFF_POSTERIZERN3hls6streamI7ap_uintILi512EELi0EEES4_S4_E5buf_B_24_we0       |   9|          2|    1|          2|
    |p_ZZ20IMAGE_DIFF_POSTERIZERN3hls6streamI7ap_uintILi512EELi0EEES4_S4_E5buf_B_24_we1       |   9|          2|    1|          2|
    |p_ZZ20IMAGE_DIFF_POSTERIZERN3hls6streamI7ap_uintILi512EELi0EEES4_S4_E5buf_B_25_address0  |  14|          3|   11|         33|
    |p_ZZ20IMAGE_DIFF_POSTERIZERN3hls6streamI7ap_uintILi512EELi0EEES4_S4_E5buf_B_25_ce0       |  14|          3|    1|          3|
    |p_ZZ20IMAGE_DIFF_POSTERIZERN3hls6streamI7ap_uintILi512EELi0EEES4_S4_E5buf_B_25_ce1       |   9|          2|    1|          2|
    |p_ZZ20IMAGE_DIFF_POSTERIZERN3hls6streamI7ap_uintILi512EELi0EEES4_S4_E5buf_B_25_we0       |   9|          2|    1|          2|
    |p_ZZ20IMAGE_DIFF_POSTERIZERN3hls6streamI7ap_uintILi512EELi0EEES4_S4_E5buf_B_25_we1       |   9|          2|    1|          2|
    |p_ZZ20IMAGE_DIFF_POSTERIZERN3hls6streamI7ap_uintILi512EELi0EEES4_S4_E5buf_B_26_address0  |  14|          3|   11|         33|
    |p_ZZ20IMAGE_DIFF_POSTERIZERN3hls6streamI7ap_uintILi512EELi0EEES4_S4_E5buf_B_26_ce0       |  14|          3|    1|          3|
    |p_ZZ20IMAGE_DIFF_POSTERIZERN3hls6streamI7ap_uintILi512EELi0EEES4_S4_E5buf_B_26_ce1       |   9|          2|    1|          2|
    |p_ZZ20IMAGE_DIFF_POSTERIZERN3hls6streamI7ap_uintILi512EELi0EEES4_S4_E5buf_B_26_we0       |   9|          2|    1|          2|
    |p_ZZ20IMAGE_DIFF_POSTERIZERN3hls6streamI7ap_uintILi512EELi0EEES4_S4_E5buf_B_26_we1       |   9|          2|    1|          2|
    |p_ZZ20IMAGE_DIFF_POSTERIZERN3hls6streamI7ap_uintILi512EELi0EEES4_S4_E5buf_B_27_address0  |  14|          3|   11|         33|
    |p_ZZ20IMAGE_DIFF_POSTERIZERN3hls6streamI7ap_uintILi512EELi0EEES4_S4_E5buf_B_27_ce0       |  14|          3|    1|          3|
    |p_ZZ20IMAGE_DIFF_POSTERIZERN3hls6streamI7ap_uintILi512EELi0EEES4_S4_E5buf_B_27_ce1       |   9|          2|    1|          2|
    |p_ZZ20IMAGE_DIFF_POSTERIZERN3hls6streamI7ap_uintILi512EELi0EEES4_S4_E5buf_B_27_we0       |   9|          2|    1|          2|
    |p_ZZ20IMAGE_DIFF_POSTERIZERN3hls6streamI7ap_uintILi512EELi0EEES4_S4_E5buf_B_27_we1       |   9|          2|    1|          2|
    |p_ZZ20IMAGE_DIFF_POSTERIZERN3hls6streamI7ap_uintILi512EELi0EEES4_S4_E5buf_B_28_address0  |  14|          3|   11|         33|
    |p_ZZ20IMAGE_DIFF_POSTERIZERN3hls6streamI7ap_uintILi512EELi0EEES4_S4_E5buf_B_28_ce0       |  14|          3|    1|          3|
    |p_ZZ20IMAGE_DIFF_POSTERIZERN3hls6streamI7ap_uintILi512EELi0EEES4_S4_E5buf_B_28_ce1       |   9|          2|    1|          2|
    |p_ZZ20IMAGE_DIFF_POSTERIZERN3hls6streamI7ap_uintILi512EELi0EEES4_S4_E5buf_B_28_we0       |   9|          2|    1|          2|
    |p_ZZ20IMAGE_DIFF_POSTERIZERN3hls6streamI7ap_uintILi512EELi0EEES4_S4_E5buf_B_28_we1       |   9|          2|    1|          2|
    |p_ZZ20IMAGE_DIFF_POSTERIZERN3hls6streamI7ap_uintILi512EELi0EEES4_S4_E5buf_B_29_address0  |  14|          3|   11|         33|
    |p_ZZ20IMAGE_DIFF_POSTERIZERN3hls6streamI7ap_uintILi512EELi0EEES4_S4_E5buf_B_29_ce0       |  14|          3|    1|          3|
    |p_ZZ20IMAGE_DIFF_POSTERIZERN3hls6streamI7ap_uintILi512EELi0EEES4_S4_E5buf_B_29_ce1       |   9|          2|    1|          2|
    |p_ZZ20IMAGE_DIFF_POSTERIZERN3hls6streamI7ap_uintILi512EELi0EEES4_S4_E5buf_B_29_we0       |   9|          2|    1|          2|
    |p_ZZ20IMAGE_DIFF_POSTERIZERN3hls6streamI7ap_uintILi512EELi0EEES4_S4_E5buf_B_29_we1       |   9|          2|    1|          2|
    |p_ZZ20IMAGE_DIFF_POSTERIZERN3hls6streamI7ap_uintILi512EELi0EEES4_S4_E5buf_B_30_address0  |  14|          3|   11|         33|
    |p_ZZ20IMAGE_DIFF_POSTERIZERN3hls6streamI7ap_uintILi512EELi0EEES4_S4_E5buf_B_30_ce0       |  14|          3|    1|          3|
    |p_ZZ20IMAGE_DIFF_POSTERIZERN3hls6streamI7ap_uintILi512EELi0EEES4_S4_E5buf_B_30_ce1       |   9|          2|    1|          2|
    |p_ZZ20IMAGE_DIFF_POSTERIZERN3hls6streamI7ap_uintILi512EELi0EEES4_S4_E5buf_B_30_we0       |   9|          2|    1|          2|
    |p_ZZ20IMAGE_DIFF_POSTERIZERN3hls6streamI7ap_uintILi512EELi0EEES4_S4_E5buf_B_30_we1       |   9|          2|    1|          2|
    |p_ZZ20IMAGE_DIFF_POSTERIZERN3hls6streamI7ap_uintILi512EELi0EEES4_S4_E5buf_B_31_address0  |  14|          3|   11|         33|
    |p_ZZ20IMAGE_DIFF_POSTERIZERN3hls6streamI7ap_uintILi512EELi0EEES4_S4_E5buf_B_31_ce0       |  14|          3|    1|          3|
    |p_ZZ20IMAGE_DIFF_POSTERIZERN3hls6streamI7ap_uintILi512EELi0EEES4_S4_E5buf_B_31_ce1       |   9|          2|    1|          2|
    |p_ZZ20IMAGE_DIFF_POSTERIZERN3hls6streamI7ap_uintILi512EELi0EEES4_S4_E5buf_B_31_we0       |   9|          2|    1|          2|
    |p_ZZ20IMAGE_DIFF_POSTERIZERN3hls6streamI7ap_uintILi512EELi0EEES4_S4_E5buf_B_31_we1       |   9|          2|    1|          2|
    |p_ZZ20IMAGE_DIFF_POSTERIZERN3hls6streamI7ap_uintILi512EELi0EEES4_S4_E5buf_C_10_address0  |  14|          3|   11|         33|
    |p_ZZ20IMAGE_DIFF_POSTERIZERN3hls6streamI7ap_uintILi512EELi0EEES4_S4_E5buf_C_10_ce0       |  14|          3|    1|          3|
    |p_ZZ20IMAGE_DIFF_POSTERIZERN3hls6streamI7ap_uintILi512EELi0EEES4_S4_E5buf_C_10_ce1       |   9|          2|    1|          2|
    |p_ZZ20IMAGE_DIFF_POSTERIZERN3hls6streamI7ap_uintILi512EELi0EEES4_S4_E5buf_C_10_we0       |   9|          2|    1|          2|
    |p_ZZ20IMAGE_DIFF_POSTERIZERN3hls6streamI7ap_uintILi512EELi0EEES4_S4_E5buf_C_11_address0  |  14|          3|   11|         33|
    |p_ZZ20IMAGE_DIFF_POSTERIZERN3hls6streamI7ap_uintILi512EELi0EEES4_S4_E5buf_C_11_ce0       |  14|          3|    1|          3|
    |p_ZZ20IMAGE_DIFF_POSTERIZERN3hls6streamI7ap_uintILi512EELi0EEES4_S4_E5buf_C_11_ce1       |   9|          2|    1|          2|
    |p_ZZ20IMAGE_DIFF_POSTERIZERN3hls6streamI7ap_uintILi512EELi0EEES4_S4_E5buf_C_11_we0       |   9|          2|    1|          2|
    |p_ZZ20IMAGE_DIFF_POSTERIZERN3hls6streamI7ap_uintILi512EELi0EEES4_S4_E5buf_C_12_address0  |  14|          3|   11|         33|
    |p_ZZ20IMAGE_DIFF_POSTERIZERN3hls6streamI7ap_uintILi512EELi0EEES4_S4_E5buf_C_12_ce0       |  14|          3|    1|          3|
    |p_ZZ20IMAGE_DIFF_POSTERIZERN3hls6streamI7ap_uintILi512EELi0EEES4_S4_E5buf_C_12_ce1       |   9|          2|    1|          2|
    |p_ZZ20IMAGE_DIFF_POSTERIZERN3hls6streamI7ap_uintILi512EELi0EEES4_S4_E5buf_C_12_we0       |   9|          2|    1|          2|
    |p_ZZ20IMAGE_DIFF_POSTERIZERN3hls6streamI7ap_uintILi512EELi0EEES4_S4_E5buf_C_13_address0  |  14|          3|   11|         33|
    |p_ZZ20IMAGE_DIFF_POSTERIZERN3hls6streamI7ap_uintILi512EELi0EEES4_S4_E5buf_C_13_ce0       |  14|          3|    1|          3|
    |p_ZZ20IMAGE_DIFF_POSTERIZERN3hls6streamI7ap_uintILi512EELi0EEES4_S4_E5buf_C_13_ce1       |   9|          2|    1|          2|
    |p_ZZ20IMAGE_DIFF_POSTERIZERN3hls6streamI7ap_uintILi512EELi0EEES4_S4_E5buf_C_13_we0       |   9|          2|    1|          2|
    |p_ZZ20IMAGE_DIFF_POSTERIZERN3hls6streamI7ap_uintILi512EELi0EEES4_S4_E5buf_C_14_address0  |  14|          3|   11|         33|
    |p_ZZ20IMAGE_DIFF_POSTERIZERN3hls6streamI7ap_uintILi512EELi0EEES4_S4_E5buf_C_14_ce0       |  14|          3|    1|          3|
    |p_ZZ20IMAGE_DIFF_POSTERIZERN3hls6streamI7ap_uintILi512EELi0EEES4_S4_E5buf_C_14_ce1       |   9|          2|    1|          2|
    |p_ZZ20IMAGE_DIFF_POSTERIZERN3hls6streamI7ap_uintILi512EELi0EEES4_S4_E5buf_C_14_we0       |   9|          2|    1|          2|
    |p_ZZ20IMAGE_DIFF_POSTERIZERN3hls6streamI7ap_uintILi512EELi0EEES4_S4_E5buf_C_15_address0  |  14|          3|   11|         33|
    |p_ZZ20IMAGE_DIFF_POSTERIZERN3hls6streamI7ap_uintILi512EELi0EEES4_S4_E5buf_C_15_ce0       |  14|          3|    1|          3|
    |p_ZZ20IMAGE_DIFF_POSTERIZERN3hls6streamI7ap_uintILi512EELi0EEES4_S4_E5buf_C_15_ce1       |   9|          2|    1|          2|
    |p_ZZ20IMAGE_DIFF_POSTERIZERN3hls6streamI7ap_uintILi512EELi0EEES4_S4_E5buf_C_15_we0       |   9|          2|    1|          2|
    |p_ZZ20IMAGE_DIFF_POSTERIZERN3hls6streamI7ap_uintILi512EELi0EEES4_S4_E5buf_C_16_address0  |  14|          3|   11|         33|
    |p_ZZ20IMAGE_DIFF_POSTERIZERN3hls6streamI7ap_uintILi512EELi0EEES4_S4_E5buf_C_16_ce0       |  14|          3|    1|          3|
    |p_ZZ20IMAGE_DIFF_POSTERIZERN3hls6streamI7ap_uintILi512EELi0EEES4_S4_E5buf_C_16_ce1       |   9|          2|    1|          2|
    |p_ZZ20IMAGE_DIFF_POSTERIZERN3hls6streamI7ap_uintILi512EELi0EEES4_S4_E5buf_C_16_we0       |   9|          2|    1|          2|
    |p_ZZ20IMAGE_DIFF_POSTERIZERN3hls6streamI7ap_uintILi512EELi0EEES4_S4_E5buf_C_17_address0  |  14|          3|   11|         33|
    |p_ZZ20IMAGE_DIFF_POSTERIZERN3hls6streamI7ap_uintILi512EELi0EEES4_S4_E5buf_C_17_ce0       |  14|          3|    1|          3|
    |p_ZZ20IMAGE_DIFF_POSTERIZERN3hls6streamI7ap_uintILi512EELi0EEES4_S4_E5buf_C_17_ce1       |   9|          2|    1|          2|
    |p_ZZ20IMAGE_DIFF_POSTERIZERN3hls6streamI7ap_uintILi512EELi0EEES4_S4_E5buf_C_17_we0       |   9|          2|    1|          2|
    |p_ZZ20IMAGE_DIFF_POSTERIZERN3hls6streamI7ap_uintILi512EELi0EEES4_S4_E5buf_C_18_address0  |  14|          3|   11|         33|
    |p_ZZ20IMAGE_DIFF_POSTERIZERN3hls6streamI7ap_uintILi512EELi0EEES4_S4_E5buf_C_18_ce0       |  14|          3|    1|          3|
    |p_ZZ20IMAGE_DIFF_POSTERIZERN3hls6streamI7ap_uintILi512EELi0EEES4_S4_E5buf_C_18_ce1       |   9|          2|    1|          2|
    |p_ZZ20IMAGE_DIFF_POSTERIZERN3hls6streamI7ap_uintILi512EELi0EEES4_S4_E5buf_C_18_we0       |   9|          2|    1|          2|
    |p_ZZ20IMAGE_DIFF_POSTERIZERN3hls6streamI7ap_uintILi512EELi0EEES4_S4_E5buf_C_19_address0  |  14|          3|   11|         33|
    |p_ZZ20IMAGE_DIFF_POSTERIZERN3hls6streamI7ap_uintILi512EELi0EEES4_S4_E5buf_C_19_ce0       |  14|          3|    1|          3|
    |p_ZZ20IMAGE_DIFF_POSTERIZERN3hls6streamI7ap_uintILi512EELi0EEES4_S4_E5buf_C_19_ce1       |   9|          2|    1|          2|
    |p_ZZ20IMAGE_DIFF_POSTERIZERN3hls6streamI7ap_uintILi512EELi0EEES4_S4_E5buf_C_19_we0       |   9|          2|    1|          2|
    |p_ZZ20IMAGE_DIFF_POSTERIZERN3hls6streamI7ap_uintILi512EELi0EEES4_S4_E5buf_C_20_address0  |  14|          3|   11|         33|
    |p_ZZ20IMAGE_DIFF_POSTERIZERN3hls6streamI7ap_uintILi512EELi0EEES4_S4_E5buf_C_20_ce0       |  14|          3|    1|          3|
    |p_ZZ20IMAGE_DIFF_POSTERIZERN3hls6streamI7ap_uintILi512EELi0EEES4_S4_E5buf_C_20_ce1       |   9|          2|    1|          2|
    |p_ZZ20IMAGE_DIFF_POSTERIZERN3hls6streamI7ap_uintILi512EELi0EEES4_S4_E5buf_C_20_we0       |   9|          2|    1|          2|
    |p_ZZ20IMAGE_DIFF_POSTERIZERN3hls6streamI7ap_uintILi512EELi0EEES4_S4_E5buf_C_21_address0  |  14|          3|   11|         33|
    |p_ZZ20IMAGE_DIFF_POSTERIZERN3hls6streamI7ap_uintILi512EELi0EEES4_S4_E5buf_C_21_ce0       |  14|          3|    1|          3|
    |p_ZZ20IMAGE_DIFF_POSTERIZERN3hls6streamI7ap_uintILi512EELi0EEES4_S4_E5buf_C_21_ce1       |   9|          2|    1|          2|
    |p_ZZ20IMAGE_DIFF_POSTERIZERN3hls6streamI7ap_uintILi512EELi0EEES4_S4_E5buf_C_21_we0       |   9|          2|    1|          2|
    |p_ZZ20IMAGE_DIFF_POSTERIZERN3hls6streamI7ap_uintILi512EELi0EEES4_S4_E5buf_C_22_address0  |  14|          3|   11|         33|
    |p_ZZ20IMAGE_DIFF_POSTERIZERN3hls6streamI7ap_uintILi512EELi0EEES4_S4_E5buf_C_22_ce0       |  14|          3|    1|          3|
    |p_ZZ20IMAGE_DIFF_POSTERIZERN3hls6streamI7ap_uintILi512EELi0EEES4_S4_E5buf_C_22_ce1       |   9|          2|    1|          2|
    |p_ZZ20IMAGE_DIFF_POSTERIZERN3hls6streamI7ap_uintILi512EELi0EEES4_S4_E5buf_C_22_we0       |   9|          2|    1|          2|
    |p_ZZ20IMAGE_DIFF_POSTERIZERN3hls6streamI7ap_uintILi512EELi0EEES4_S4_E5buf_C_23_address0  |  14|          3|   11|         33|
    |p_ZZ20IMAGE_DIFF_POSTERIZERN3hls6streamI7ap_uintILi512EELi0EEES4_S4_E5buf_C_23_ce0       |  14|          3|    1|          3|
    |p_ZZ20IMAGE_DIFF_POSTERIZERN3hls6streamI7ap_uintILi512EELi0EEES4_S4_E5buf_C_23_ce1       |   9|          2|    1|          2|
    |p_ZZ20IMAGE_DIFF_POSTERIZERN3hls6streamI7ap_uintILi512EELi0EEES4_S4_E5buf_C_23_we0       |   9|          2|    1|          2|
    |p_ZZ20IMAGE_DIFF_POSTERIZERN3hls6streamI7ap_uintILi512EELi0EEES4_S4_E5buf_C_24_address0  |  14|          3|   11|         33|
    |p_ZZ20IMAGE_DIFF_POSTERIZERN3hls6streamI7ap_uintILi512EELi0EEES4_S4_E5buf_C_24_ce0       |  14|          3|    1|          3|
    |p_ZZ20IMAGE_DIFF_POSTERIZERN3hls6streamI7ap_uintILi512EELi0EEES4_S4_E5buf_C_24_ce1       |   9|          2|    1|          2|
    |p_ZZ20IMAGE_DIFF_POSTERIZERN3hls6streamI7ap_uintILi512EELi0EEES4_S4_E5buf_C_24_we0       |   9|          2|    1|          2|
    |p_ZZ20IMAGE_DIFF_POSTERIZERN3hls6streamI7ap_uintILi512EELi0EEES4_S4_E5buf_C_25_address0  |  14|          3|   11|         33|
    |p_ZZ20IMAGE_DIFF_POSTERIZERN3hls6streamI7ap_uintILi512EELi0EEES4_S4_E5buf_C_25_ce0       |  14|          3|    1|          3|
    |p_ZZ20IMAGE_DIFF_POSTERIZERN3hls6streamI7ap_uintILi512EELi0EEES4_S4_E5buf_C_25_ce1       |   9|          2|    1|          2|
    |p_ZZ20IMAGE_DIFF_POSTERIZERN3hls6streamI7ap_uintILi512EELi0EEES4_S4_E5buf_C_25_we0       |   9|          2|    1|          2|
    |p_ZZ20IMAGE_DIFF_POSTERIZERN3hls6streamI7ap_uintILi512EELi0EEES4_S4_E5buf_C_26_address0  |  14|          3|   11|         33|
    |p_ZZ20IMAGE_DIFF_POSTERIZERN3hls6streamI7ap_uintILi512EELi0EEES4_S4_E5buf_C_26_ce0       |  14|          3|    1|          3|
    |p_ZZ20IMAGE_DIFF_POSTERIZERN3hls6streamI7ap_uintILi512EELi0EEES4_S4_E5buf_C_26_ce1       |   9|          2|    1|          2|
    |p_ZZ20IMAGE_DIFF_POSTERIZERN3hls6streamI7ap_uintILi512EELi0EEES4_S4_E5buf_C_26_we0       |   9|          2|    1|          2|
    |p_ZZ20IMAGE_DIFF_POSTERIZERN3hls6streamI7ap_uintILi512EELi0EEES4_S4_E5buf_C_27_address0  |  14|          3|   11|         33|
    |p_ZZ20IMAGE_DIFF_POSTERIZERN3hls6streamI7ap_uintILi512EELi0EEES4_S4_E5buf_C_27_ce0       |  14|          3|    1|          3|
    |p_ZZ20IMAGE_DIFF_POSTERIZERN3hls6streamI7ap_uintILi512EELi0EEES4_S4_E5buf_C_27_ce1       |   9|          2|    1|          2|
    |p_ZZ20IMAGE_DIFF_POSTERIZERN3hls6streamI7ap_uintILi512EELi0EEES4_S4_E5buf_C_27_we0       |   9|          2|    1|          2|
    |p_ZZ20IMAGE_DIFF_POSTERIZERN3hls6streamI7ap_uintILi512EELi0EEES4_S4_E5buf_C_28_address0  |  14|          3|   11|         33|
    |p_ZZ20IMAGE_DIFF_POSTERIZERN3hls6streamI7ap_uintILi512EELi0EEES4_S4_E5buf_C_28_ce0       |  14|          3|    1|          3|
    |p_ZZ20IMAGE_DIFF_POSTERIZERN3hls6streamI7ap_uintILi512EELi0EEES4_S4_E5buf_C_28_ce1       |   9|          2|    1|          2|
    |p_ZZ20IMAGE_DIFF_POSTERIZERN3hls6streamI7ap_uintILi512EELi0EEES4_S4_E5buf_C_28_we0       |   9|          2|    1|          2|
    |p_ZZ20IMAGE_DIFF_POSTERIZERN3hls6streamI7ap_uintILi512EELi0EEES4_S4_E5buf_C_29_address0  |  14|          3|   11|         33|
    |p_ZZ20IMAGE_DIFF_POSTERIZERN3hls6streamI7ap_uintILi512EELi0EEES4_S4_E5buf_C_29_ce0       |  14|          3|    1|          3|
    |p_ZZ20IMAGE_DIFF_POSTERIZERN3hls6streamI7ap_uintILi512EELi0EEES4_S4_E5buf_C_29_ce1       |   9|          2|    1|          2|
    |p_ZZ20IMAGE_DIFF_POSTERIZERN3hls6streamI7ap_uintILi512EELi0EEES4_S4_E5buf_C_29_we0       |   9|          2|    1|          2|
    |p_ZZ20IMAGE_DIFF_POSTERIZERN3hls6streamI7ap_uintILi512EELi0EEES4_S4_E5buf_C_30_address0  |  14|          3|   11|         33|
    |p_ZZ20IMAGE_DIFF_POSTERIZERN3hls6streamI7ap_uintILi512EELi0EEES4_S4_E5buf_C_30_ce0       |  14|          3|    1|          3|
    |p_ZZ20IMAGE_DIFF_POSTERIZERN3hls6streamI7ap_uintILi512EELi0EEES4_S4_E5buf_C_30_ce1       |   9|          2|    1|          2|
    |p_ZZ20IMAGE_DIFF_POSTERIZERN3hls6streamI7ap_uintILi512EELi0EEES4_S4_E5buf_C_30_we0       |   9|          2|    1|          2|
    |p_ZZ20IMAGE_DIFF_POSTERIZERN3hls6streamI7ap_uintILi512EELi0EEES4_S4_E5buf_C_31_address0  |  14|          3|   11|         33|
    |p_ZZ20IMAGE_DIFF_POSTERIZERN3hls6streamI7ap_uintILi512EELi0EEES4_S4_E5buf_C_31_ce0       |  14|          3|    1|          3|
    |p_ZZ20IMAGE_DIFF_POSTERIZERN3hls6streamI7ap_uintILi512EELi0EEES4_S4_E5buf_C_31_ce1       |   9|          2|    1|          2|
    |p_ZZ20IMAGE_DIFF_POSTERIZERN3hls6streamI7ap_uintILi512EELi0EEES4_S4_E5buf_C_31_we0       |   9|          2|    1|          2|
    |stream_A_TREADY_int_regslice                                                             |   9|          2|    1|          2|
    |stream_B_TREADY_int_regslice                                                             |   9|          2|    1|          2|
    |stream_C_TDATA_int_regslice                                                              |   9|          2|  512|       1024|
    +-----------------------------------------------------------------------------------------+----+-----------+-----+-----------+
    |Total                                                                                    |5068|       1103| 1923|       5005|
    +-----------------------------------------------------------------------------------------+----+-----------+-----+-----------+

    * Register: 
    +----------------------------------------------------------------------------------------+-----+----+-----+-----------+
    |                                          Name                                          |  FF | LUT| Bits| Const Bits|
    +----------------------------------------------------------------------------------------+-----+----+-----+-----------+
    |ap_CS_fsm                                                                               |    8|   0|    8|          0|
    |grp_IMAGE_DIFF_POSTERIZE_Pipeline_VITIS_LOOP_50_1_load_col_loop_fu_224_ap_start_reg     |    1|   0|    1|          0|
    |grp_IMAGE_DIFF_POSTERIZE_Pipeline_VITIS_LOOP_75_2_compute_col_loop_fu_360_ap_start_reg  |    1|   0|    1|          0|
    |grp_IMAGE_DIFF_POSTERIZE_Pipeline_VITIS_LOOP_92_3_store_col_loop_fu_556_ap_start_reg    |    1|   0|    1|          0|
    |stream_C_TDATA_reg                                                                      |  512|   0|  512|          0|
    +----------------------------------------------------------------------------------------+-----+----+-----+-----------+
    |Total                                                                                   |  523|   0|  523|          0|
    +----------------------------------------------------------------------------------------+-----+----+-----+-----------+



================================================================
== Interface
================================================================
* Summary: 
+-----------------+-----+-----+------------+----------------------+--------------+
|    RTL Ports    | Dir | Bits|  Protocol  |     Source Object    |    C Type    |
+-----------------+-----+-----+------------+----------------------+--------------+
|ap_clk           |   in|    1|  ap_ctrl_hs|  IMAGE_DIFF_POSTERIZE|  return value|
|ap_rst_n         |   in|    1|  ap_ctrl_hs|  IMAGE_DIFF_POSTERIZE|  return value|
|ap_start         |   in|    1|  ap_ctrl_hs|  IMAGE_DIFF_POSTERIZE|  return value|
|ap_done          |  out|    1|  ap_ctrl_hs|  IMAGE_DIFF_POSTERIZE|  return value|
|ap_idle          |  out|    1|  ap_ctrl_hs|  IMAGE_DIFF_POSTERIZE|  return value|
|ap_ready         |  out|    1|  ap_ctrl_hs|  IMAGE_DIFF_POSTERIZE|  return value|
|stream_A_TDATA   |   in|  512|        axis|              stream_A|       pointer|
|stream_A_TVALID  |   in|    1|        axis|              stream_A|       pointer|
|stream_A_TREADY  |  out|    1|        axis|              stream_A|       pointer|
|stream_B_TDATA   |   in|  512|        axis|              stream_B|       pointer|
|stream_B_TVALID  |   in|    1|        axis|              stream_B|       pointer|
|stream_B_TREADY  |  out|    1|        axis|              stream_B|       pointer|
|stream_C_TDATA   |  out|  512|        axis|              stream_C|       pointer|
|stream_C_TVALID  |  out|    1|        axis|              stream_C|       pointer|
|stream_C_TREADY  |   in|    1|        axis|              stream_C|       pointer|
+-----------------+-----+-----+------------+----------------------+--------------+

